{ message: 'Listening on port 8080', level: 'info' }
{ message: 'Listening on port 8080', level: 'info' }
{ message: 'Listening on port 8080', level: 'info' }
{ message: 'Listening on port 8080', level: 'info' }
{ message: 'Listening on port 8080', level: 'info' }
{ message: 'Listening on port 8080', level: 'info' }
{ message: 'Listening on port 8080', level: 'info' }
{ message: 'Listening on port 8080', level: 'info' }
{
  message: {
    function: 'ProductService.createProduct',
    error: PrismaClientValidationError: 
    Invalid `this.prisma.create()` invocation in
    C:\Users\aabadin\Desktop\CODE\Backend_Desafio_Final\products\products.service.ts:14:38
    
      11 public createProduct = async (createProductDto: CreateProductDto): Promise<IResponse> => {
      12   let response: any
      13   try {
    → 14     response = await this.prisma.create({
               data: {
                 username: 'gmail.com',
                 ~~~~~~~~
                 password: '111',
                 ~~~~~~~~
             +   name: String,
             +   description: String,
             +   stock: Int,
             +   price: Int,
             +   rate: Int,
             +   category: String,
             ?   id?: String,
             ?   createdAt?: DateTime,
             ?   updatedAt?: DateTime
               }
             })
    
    Unknown arg `username` in data.username for type productsCreateInput. Did you mean `name`?
    Unknown arg `password` in data.password for type productsCreateInput. Did you mean `category`?
    Argument name for data.name is missing.
    Argument description for data.description is missing.
    Argument stock for data.stock is missing.
    Argument price for data.price is missing.
    Argument rate for data.rate is missing.
    Argument category for data.category is missing.
    
    Note: Lines with + are required, lines with ? are optional.
    
        at mi.validate (C:\Users\aabadin\Desktop\CODE\Backend_Desafio_Final\node_modules\@prisma\client\runtime\library.js:149:91)
        at tn.createMessage (C:\Users\aabadin\Desktop\CODE\Backend_Desafio_Final\node_modules\@prisma\client\runtime\library.js:166:1205)
        at C:\Users\aabadin\Desktop\CODE\Backend_Desafio_Final\node_modules\@prisma\client\runtime\library.js:179:10962
        at runInChildSpan (C:\Users\aabadin\Desktop\CODE\Backend_Desafio_Final\node_modules\@prisma\client\runtime\library.js:70:25817)
        at t._executeRequest (C:\Users\aabadin\Desktop\CODE\Backend_Desafio_Final\node_modules\@prisma\client\runtime\library.js:179:10951)
        at t._request (C:\Users\aabadin\Desktop\CODE\Backend_Desafio_Final\node_modules\@prisma\client\runtime\library.js:179:10484) {
      clientVersion: '4.13.0'
    }
  },
  level: 'error'
}
{
  message: {
    function: 'ProductController.CreateProductDto',
    dto: { username: 'gmail.com', password: '111' }
  },
  level: 'debug'
}
{ message: 'Listening on port 8080', level: 'info' }
{ message: 'Listening on port 8080', level: 'info' }
{ message: 'Listening on port 8080', level: 'info' }
{ message: 'Listening on port 8080', level: 'info' }
{ message: 'Listening on port 8080', level: 'info' }
{ message: 'Listening on port 8080', level: 'info' }
{ message: 'Listening on port 8080', level: 'info' }
{ message: 'Listening on port 8080', level: 'info' }
{ message: 'Listening on port 8080', level: 'info' }
{ message: 'Listening on port 8080', level: 'info' }
{ message: 'Listening on port 8080', level: 'info' }
{ message: 'Listening on port 8080', level: 'info' }
{ message: 'Listening on port 8080', level: 'info' }
{ message: 'Listening on port 8080', level: 'info' }
{ message: 'Listening on port 8080', level: 'info' }
{ message: 'Listening on port 8080', level: 'info' }
{ message: 'Listening on port 8080', level: 'info' }
{ message: 'Listening on port 8080', level: 'info' }
{ message: 'Listening on port 8080', level: 'info' }
{ message: 'Listening on port 8080', level: 'info' }
{ message: 'Listening on port 8080', level: 'info' }
{ message: 'Listening on port 8080', level: 'info' }
{ message: 'Listening on port 8080', level: 'info' }
{ message: 'Listening on port 8080', level: 'info' }
{ message: 'Listening on port 8080', level: 'info' }
{ message: 'Listening on port 8080', level: 'info' }
{ message: 'Listening on port 8080', level: 'info' }
{ message: 'Listening on port 8080', level: 'info' }
{ message: 'Listening on port 8080', level: 'info' }
{ message: 'Listening on port 8080', level: 'info' }
{ message: 'Listening on port 8080', level: 'info' }
{ message: 'Listening on port 8080', level: 'info' }
{ message: 'Listening on port 8080', level: 'info' }
{ message: 'Listening on port 8080', level: 'info' }
{ message: 'Listening on port 8080', level: 'info' }
{ message: 'Listening on port 8080', level: 'info' }
{ message: 'Listening on port 8080', level: 'info' }
{ message: 'Listening on port 8080', level: 'info' }
