{
  message: {
    function: 'ProductService.createProduct',
    error: PrismaClientValidationError: 
    Invalid `this.prisma.create()` invocation in
    C:\Users\aabadin\Desktop\CODE\Backend_Desafio_Final\products\products.service.ts:14:38
    
      11 public createProduct = async (createProductDto: CreateProductDto): Promise<IResponse> => {
      12   let response: any
      13   try {
    → 14     response = await this.prisma.create({
               data: {
                 username: 'gmail.com',
                 ~~~~~~~~
                 password: '111',
                 ~~~~~~~~
             +   name: String,
             +   description: String,
             +   stock: Int,
             +   price: Int,
             +   rate: Int,
             +   category: String,
             ?   id?: String,
             ?   createdAt?: DateTime,
             ?   updatedAt?: DateTime
               }
             })
    
    Unknown arg `username` in data.username for type productsCreateInput. Did you mean `name`?
    Unknown arg `password` in data.password for type productsCreateInput. Did you mean `category`?
    Argument name for data.name is missing.
    Argument description for data.description is missing.
    Argument stock for data.stock is missing.
    Argument price for data.price is missing.
    Argument rate for data.rate is missing.
    Argument category for data.category is missing.
    
    Note: Lines with + are required, lines with ? are optional.
    
        at mi.validate (C:\Users\aabadin\Desktop\CODE\Backend_Desafio_Final\node_modules\@prisma\client\runtime\library.js:149:91)
        at tn.createMessage (C:\Users\aabadin\Desktop\CODE\Backend_Desafio_Final\node_modules\@prisma\client\runtime\library.js:166:1205)
        at C:\Users\aabadin\Desktop\CODE\Backend_Desafio_Final\node_modules\@prisma\client\runtime\library.js:179:10962
        at runInChildSpan (C:\Users\aabadin\Desktop\CODE\Backend_Desafio_Final\node_modules\@prisma\client\runtime\library.js:70:25817)
        at t._executeRequest (C:\Users\aabadin\Desktop\CODE\Backend_Desafio_Final\node_modules\@prisma\client\runtime\library.js:179:10951)
        at t._request (C:\Users\aabadin\Desktop\CODE\Backend_Desafio_Final\node_modules\@prisma\client\runtime\library.js:179:10484) {
      clientVersion: '4.13.0'
    }
  },
  level: 'error'
}
{
  message: {
    function: 'ProductService.listProducts',
    error: PrismaClientKnownRequestError: 
    Invalid `this.prisma.findMany()` invocation in
    /run/media/adrianabadin/code/backend_DesafioFinal/products/products.service.ts:47:38
    
      44 public listProducts = async () => {
      45   let response: any[]
      46   try {
    → 47     response = await this.prisma.findMany(
    Error converting field "rate" of expected non-nullable type "Int", found incompatible value of "null".
        at pn.handleRequestError (/run/media/adrianabadin/code/backend_DesafioFinal/node_modules/@prisma/client/runtime/library.js:176:6477)
        at pn.handleAndLogRequestError (/run/media/adrianabadin/code/backend_DesafioFinal/node_modules/@prisma/client/runtime/library.js:176:5907)
        at pn.request (/run/media/adrianabadin/code/backend_DesafioFinal/node_modules/@prisma/client/runtime/library.js:176:5786)
        at t._request (/run/media/adrianabadin/code/backend_DesafioFinal/node_modules/@prisma/client/runtime/library.js:179:10484) {
      code: 'P2032',
      clientVersion: '4.13.0',
      meta: { field: 'rate', expected_type: 'Int', found: 'null' }
    }
  },
  level: 'error'
}
{
  message: {
    function: 'AuthService.verifyJwt',
    error: PrismaClientValidationError: 
    Invalid `this.prisma.users.findUnique()` invocation in
    /run/media/adrianabadin/code/backend_DesafioFinal/auth/auth.service.ts:112:25
    
      109 // eslint-disable-next-line @typescript-eslint/naming-convention
      110 this.verifyJwt = (jwt_payload: string, done: (error: any, user?: any, message?: any) => any) => {
      111   logger.debug({ function: 'AuthService.Verifyjwt', jwt_payload })
    → 112   this.prisma.users.findUnique({
              where: {
                id: {
                  sub: '644d410025b99e1bfca6f638',
                  iat: 1682880855,
                  exp: 1682882151
                }
                ~~~~~~~~~~~~~~~~~~~~~~~~~~~~~~~~~~
              }
            })
    
    Argument id: Got invalid value 
    {
      sub: '644d410025b99e1bfca6f638',
      iat: 1682880855,
      exp: 1682882151
    }
    on prisma.findUniqueusers. Provided Json, expected String.
    
    
        at mi.validate (/run/media/adrianabadin/code/backend_DesafioFinal/node_modules/@prisma/client/runtime/library.js:149:91)
        at tn.createMessage (/run/media/adrianabadin/code/backend_DesafioFinal/node_modules/@prisma/client/runtime/library.js:166:1205)
        at /run/media/adrianabadin/code/backend_DesafioFinal/node_modules/@prisma/client/runtime/library.js:179:10962
        at runInChildSpan (/run/media/adrianabadin/code/backend_DesafioFinal/node_modules/@prisma/client/runtime/library.js:70:25817)
        at t._executeRequest (/run/media/adrianabadin/code/backend_DesafioFinal/node_modules/@prisma/client/runtime/library.js:179:10951)
        at t._request (/run/media/adrianabadin/code/backend_DesafioFinal/node_modules/@prisma/client/runtime/library.js:179:10484) {
      clientVersion: '4.13.0'
    }
  },
  level: 'error'
}
{
  message: {
    function: 'ProductService.productById',
    error: PrismaClientKnownRequestError: 
    Invalid `this.prisma.findUniqueOrThrow()` invocation in
    /run/media/adrianabadin/code/backend_DesafioFinal/products/products.service.ts:59:38
    
      56 public productById = async (id: string) => {
      57   let response: any
      58   try {
    → 59     response = await this.prisma.findUniqueOrThrow(
    Inconsistent column data: Malformed ObjectID: provided hex string representation must be exactly 12 bytes, instead got: "add", length 3.
        at pn.handleRequestError (/run/media/adrianabadin/code/backend_DesafioFinal/node_modules/@prisma/client/runtime/library.js:176:6477)
        at pn.handleAndLogRequestError (/run/media/adrianabadin/code/backend_DesafioFinal/node_modules/@prisma/client/runtime/library.js:176:5907)
        at pn.request (/run/media/adrianabadin/code/backend_DesafioFinal/node_modules/@prisma/client/runtime/library.js:176:5786)
        at t._request (/run/media/adrianabadin/code/backend_DesafioFinal/node_modules/@prisma/client/runtime/library.js:179:10484)
        at /run/media/adrianabadin/code/backend_DesafioFinal/node_modules/@prisma/client/runtime/library.js:164:6641 {
      code: 'P2023',
      clientVersion: '4.13.0',
      meta: {
        message: 'Malformed ObjectID: provided hex string representation must be exactly 12 bytes, instead got: "add", length 3.'
      }
    }
  },
  level: 'error'
}
{
  message: {
    function: 'ProductService.productById',
    error: PrismaClientKnownRequestError: 
    Invalid `this.prisma.findUniqueOrThrow()` invocation in
    /run/media/adrianabadin/code/backend_DesafioFinal/products/products.service.ts:59:38
    
      56 public productById = async (id: string) => {
      57   let response: any
      58   try {
    → 59     response = await this.prisma.findUniqueOrThrow(
    Inconsistent column data: Malformed ObjectID: provided hex string representation must be exactly 12 bytes, instead got: "add", length 3.
        at pn.handleRequestError (/run/media/adrianabadin/code/backend_DesafioFinal/node_modules/@prisma/client/runtime/library.js:176:6477)
        at pn.handleAndLogRequestError (/run/media/adrianabadin/code/backend_DesafioFinal/node_modules/@prisma/client/runtime/library.js:176:5907)
        at pn.request (/run/media/adrianabadin/code/backend_DesafioFinal/node_modules/@prisma/client/runtime/library.js:176:5786)
        at t._request (/run/media/adrianabadin/code/backend_DesafioFinal/node_modules/@prisma/client/runtime/library.js:179:10484)
        at /run/media/adrianabadin/code/backend_DesafioFinal/node_modules/@prisma/client/runtime/library.js:164:6641 {
      code: 'P2023',
      clientVersion: '4.13.0',
      meta: {
        message: 'Malformed ObjectID: provided hex string representation must be exactly 12 bytes, instead got: "add", length 3.'
      }
    }
  },
  level: 'error'
}
{
  message: {
    function: 'ProductService.productById',
    error: PrismaClientKnownRequestError: 
    Invalid `this.prisma.findUniqueOrThrow()` invocation in
    /run/media/adrianabadin/code/backend_DesafioFinal/products/products.service.ts:59:38
    
      56 public productById = async (id: string) => {
      57   let response: any
      58   try {
    → 59     response = await this.prisma.findUniqueOrThrow(
    Inconsistent column data: Malformed ObjectID: provided hex string representation must be exactly 12 bytes, instead got: "add", length 3.
        at pn.handleRequestError (/run/media/adrianabadin/code/backend_DesafioFinal/node_modules/@prisma/client/runtime/library.js:176:6477)
        at pn.handleAndLogRequestError (/run/media/adrianabadin/code/backend_DesafioFinal/node_modules/@prisma/client/runtime/library.js:176:5907)
        at pn.request (/run/media/adrianabadin/code/backend_DesafioFinal/node_modules/@prisma/client/runtime/library.js:176:5786)
        at t._request (/run/media/adrianabadin/code/backend_DesafioFinal/node_modules/@prisma/client/runtime/library.js:179:10484)
        at /run/media/adrianabadin/code/backend_DesafioFinal/node_modules/@prisma/client/runtime/library.js:164:6641 {
      code: 'P2023',
      clientVersion: '4.13.0',
      meta: {
        message: 'Malformed ObjectID: provided hex string representation must be exactly 12 bytes, instead got: "add", length 3.'
      }
    }
  },
  level: 'error'
}
{
  message: {
    function: 'ProductService.productById',
    error: PrismaClientKnownRequestError: 
    Invalid `this.prisma.findUniqueOrThrow()` invocation in
    /run/media/adrianabadin/code/backend_DesafioFinal/products/products.service.ts:59:38
    
      56 public productById = async (id: string) => {
      57   let response: any
      58   try {
    → 59     response = await this.prisma.findUniqueOrThrow(
    Inconsistent column data: Malformed ObjectID: provided hex string representation must be exactly 12 bytes, instead got: "add", length 3.
        at pn.handleRequestError (/run/media/adrianabadin/code/backend_DesafioFinal/node_modules/@prisma/client/runtime/library.js:176:6477)
        at pn.handleAndLogRequestError (/run/media/adrianabadin/code/backend_DesafioFinal/node_modules/@prisma/client/runtime/library.js:176:5907)
        at pn.request (/run/media/adrianabadin/code/backend_DesafioFinal/node_modules/@prisma/client/runtime/library.js:176:5786)
        at t._request (/run/media/adrianabadin/code/backend_DesafioFinal/node_modules/@prisma/client/runtime/library.js:179:10484)
        at /run/media/adrianabadin/code/backend_DesafioFinal/node_modules/@prisma/client/runtime/library.js:164:6641 {
      code: 'P2023',
      clientVersion: '4.13.0',
      meta: {
        message: 'Malformed ObjectID: provided hex string representation must be exactly 12 bytes, instead got: "add", length 3.'
      }
    }
  },
  level: 'error'
}
{
  message: {
    function: 'ProductService.createProduct',
    error: PrismaClientValidationError: 
    Invalid `this.prisma.create()` invocation in
    /run/media/adrianabadin/code/backend_DesafioFinal/products/products.service.ts:14:38
    
      11 public createProduct = async (createProductDto: CreateProductDto): Promise<IResponse> => {
      12   let response: any
      13   try {
    → 14     response = await this.prisma.create({
               data: {
             +   name: String,
             +   description: String,
             +   stock: Int,
             +   price: Int,
             +   rate: Int,
             +   category: String,
             ?   id?: String,
             ?   createdAt?: DateTime,
             ?   updatedAt?: DateTime
               }
             })
    
    Argument name for data.name is missing.
    Argument description for data.description is missing.
    Argument stock for data.stock is missing.
    Argument price for data.price is missing.
    Argument rate for data.rate is missing.
    Argument category for data.category is missing.
    
    Note: Lines with + are required, lines with ? are optional.
    
        at mi.validate (/run/media/adrianabadin/code/backend_DesafioFinal/node_modules/@prisma/client/runtime/library.js:149:91)
        at tn.createMessage (/run/media/adrianabadin/code/backend_DesafioFinal/node_modules/@prisma/client/runtime/library.js:166:1205)
        at /run/media/adrianabadin/code/backend_DesafioFinal/node_modules/@prisma/client/runtime/library.js:179:10962
        at runInChildSpan (/run/media/adrianabadin/code/backend_DesafioFinal/node_modules/@prisma/client/runtime/library.js:70:25817)
        at t._executeRequest (/run/media/adrianabadin/code/backend_DesafioFinal/node_modules/@prisma/client/runtime/library.js:179:10951) {
      clientVersion: '4.13.0'
    }
  },
  level: 'error'
}
{
  message: {
    function: 'ProductService.createProduct',
    error: PrismaClientValidationError: 
    Invalid `prisma.products.create()` invocation:
    
    {
      data: {
    +   name: String,
    +   description: String,
    +   stock: Int,
    +   price: Int,
    +   rate: Int,
    +   category: String,
    ?   id?: String,
    ?   createdAt?: DateTime,
    ?   updatedAt?: DateTime
      }
    }
    
    Argument name for data.name is missing.
    Argument description for data.description is missing.
    Argument stock for data.stock is missing.
    Argument price for data.price is missing.
    Argument rate for data.rate is missing.
    Argument category for data.category is missing.
    
    Note: Lines with + are required, lines with ? are optional.
    
        at mi.validate (/run/media/adrianabadin/code/backend_DesafioFinal/node_modules/@prisma/client/runtime/library.js:149:91)
        at tn.createMessage (/run/media/adrianabadin/code/backend_DesafioFinal/node_modules/@prisma/client/runtime/library.js:166:1205)
        at /run/media/adrianabadin/code/backend_DesafioFinal/node_modules/@prisma/client/runtime/library.js:179:10962
        at runInChildSpan (/run/media/adrianabadin/code/backend_DesafioFinal/node_modules/@prisma/client/runtime/library.js:70:25817)
        at t._executeRequest (/run/media/adrianabadin/code/backend_DesafioFinal/node_modules/@prisma/client/runtime/library.js:179:10951) {
      clientVersion: '4.13.0'
    }
  },
  level: 'error'
}
{
  message: {
    function: 'ProductService.createProduct',
    error: PrismaClientValidationError: 
    Invalid `this.prisma.create()` invocation in
    /run/media/adrianabadin/code/backend_DesafioFinal/products/products.service.ts:15:38
    
      12 let response: any
      13 console.log(createProductDto)
      14 try {
    → 15   response = await this.prisma.create({
             data: {
           +   name: String,
           +   description: String,
           +   stock: Int,
           +   price: Int,
           +   rate: Int,
           +   category: String,
           ?   id?: String,
           ?   createdAt?: DateTime,
           ?   updatedAt?: DateTime
             }
           })
    
    Argument name for data.name is missing.
    Argument description for data.description is missing.
    Argument stock for data.stock is missing.
    Argument price for data.price is missing.
    Argument rate for data.rate is missing.
    Argument category for data.category is missing.
    
    Note: Lines with + are required, lines with ? are optional.
    
        at mi.validate (/run/media/adrianabadin/code/backend_DesafioFinal/node_modules/@prisma/client/runtime/library.js:149:91)
        at tn.createMessage (/run/media/adrianabadin/code/backend_DesafioFinal/node_modules/@prisma/client/runtime/library.js:166:1205)
        at /run/media/adrianabadin/code/backend_DesafioFinal/node_modules/@prisma/client/runtime/library.js:179:10962
        at runInChildSpan (/run/media/adrianabadin/code/backend_DesafioFinal/node_modules/@prisma/client/runtime/library.js:70:25817)
        at t._executeRequest (/run/media/adrianabadin/code/backend_DesafioFinal/node_modules/@prisma/client/runtime/library.js:179:10951)
        at t._request (/run/media/adrianabadin/code/backend_DesafioFinal/node_modules/@prisma/client/runtime/library.js:179:10484) {
      clientVersion: '4.13.0'
    },
    createProductDto: {}
  },
  level: 'error'
}
{
  message: {
    function: 'ProductService.createProduct',
    error: PrismaClientValidationError: 
    Invalid `this.prisma.create()` invocation in
    /run/media/adrianabadin/code/backend_DesafioFinal/products/products.service.ts:15:38
    
      12 let response: any
      13 console.log(createProductDto)
      14 try {
    → 15   response = await this.prisma.create({
             data: {
           +   name: String,
           +   description: String,
           +   stock: Int,
           +   price: Int,
           +   rate: Int,
           +   category: String,
           ?   id?: String,
           ?   createdAt?: DateTime,
           ?   updatedAt?: DateTime
             }
           })
    
    Argument name for data.name is missing.
    Argument description for data.description is missing.
    Argument stock for data.stock is missing.
    Argument price for data.price is missing.
    Argument rate for data.rate is missing.
    Argument category for data.category is missing.
    
    Note: Lines with + are required, lines with ? are optional.
    
        at mi.validate (/run/media/adrianabadin/code/backend_DesafioFinal/node_modules/@prisma/client/runtime/library.js:149:91)
        at tn.createMessage (/run/media/adrianabadin/code/backend_DesafioFinal/node_modules/@prisma/client/runtime/library.js:166:1205)
        at /run/media/adrianabadin/code/backend_DesafioFinal/node_modules/@prisma/client/runtime/library.js:179:10962
        at runInChildSpan (/run/media/adrianabadin/code/backend_DesafioFinal/node_modules/@prisma/client/runtime/library.js:70:25817)
        at t._executeRequest (/run/media/adrianabadin/code/backend_DesafioFinal/node_modules/@prisma/client/runtime/library.js:179:10951) {
      clientVersion: '4.13.0'
    },
    createProductDto: {}
  },
  level: 'error'
}
{
  message: {
    function: 'ProductService.createProduct',
    error: PrismaClientValidationError: 
    Invalid `this.prisma.create()` invocation in
    /run/media/adrianabadin/code/backend_DesafioFinal/products/products.service.ts:15:38
    
      12 let response: any
      13 console.log(createProductDto)
      14 try {
    → 15   response = await this.prisma.create({
             data: {
           +   name: String,
           +   description: String,
           +   stock: Int,
           +   price: Int,
           +   rate: Int,
           +   category: String,
           ?   id?: String,
           ?   createdAt?: DateTime,
           ?   updatedAt?: DateTime
             }
           })
    
    Argument name for data.name is missing.
    Argument description for data.description is missing.
    Argument stock for data.stock is missing.
    Argument price for data.price is missing.
    Argument rate for data.rate is missing.
    Argument category for data.category is missing.
    
    Note: Lines with + are required, lines with ? are optional.
    
        at mi.validate (/run/media/adrianabadin/code/backend_DesafioFinal/node_modules/@prisma/client/runtime/library.js:149:91)
        at tn.createMessage (/run/media/adrianabadin/code/backend_DesafioFinal/node_modules/@prisma/client/runtime/library.js:166:1205)
        at /run/media/adrianabadin/code/backend_DesafioFinal/node_modules/@prisma/client/runtime/library.js:179:10962
        at runInChildSpan (/run/media/adrianabadin/code/backend_DesafioFinal/node_modules/@prisma/client/runtime/library.js:70:25817)
        at t._executeRequest (/run/media/adrianabadin/code/backend_DesafioFinal/node_modules/@prisma/client/runtime/library.js:179:10951)
        at t._request (/run/media/adrianabadin/code/backend_DesafioFinal/node_modules/@prisma/client/runtime/library.js:179:10484) {
      clientVersion: '4.13.0'
    },
    createProductDto: {}
  },
  level: 'error'
}
{
  message: {
    function: 'ProductService.createProduct',
    error: PrismaClientValidationError: 
    Invalid `this.prisma.create()` invocation in
    /run/media/adrianabadin/code/backend_DesafioFinal/products/products.service.ts:15:38
    
      12 let response: any
      13 console.log(createProductDto)
      14 try {
    → 15   response = await this.prisma.create({
             data: {
           +   name: String,
           +   description: String,
           +   stock: Int,
           +   price: Int,
           +   rate: Int,
           +   category: String,
           ?   id?: String,
           ?   createdAt?: DateTime,
           ?   updatedAt?: DateTime
             }
           })
    
    Argument name for data.name is missing.
    Argument description for data.description is missing.
    Argument stock for data.stock is missing.
    Argument price for data.price is missing.
    Argument rate for data.rate is missing.
    Argument category for data.category is missing.
    
    Note: Lines with + are required, lines with ? are optional.
    
        at mi.validate (/run/media/adrianabadin/code/backend_DesafioFinal/node_modules/@prisma/client/runtime/library.js:149:91)
        at tn.createMessage (/run/media/adrianabadin/code/backend_DesafioFinal/node_modules/@prisma/client/runtime/library.js:166:1205)
        at /run/media/adrianabadin/code/backend_DesafioFinal/node_modules/@prisma/client/runtime/library.js:179:10962
        at runInChildSpan (/run/media/adrianabadin/code/backend_DesafioFinal/node_modules/@prisma/client/runtime/library.js:70:25817)
        at t._executeRequest (/run/media/adrianabadin/code/backend_DesafioFinal/node_modules/@prisma/client/runtime/library.js:179:10951)
        at processTicksAndRejections (node:internal/process/task_queues:95:5) {
      clientVersion: '4.13.0'
    },
    createProductDto: {}
  },
  level: 'error'
}
{
  message: {
    function: 'ProductService.createProduct',
    error: PrismaClientValidationError: 
    Invalid `this.prisma.create()` invocation in
    /run/media/adrianabadin/code/backend_DesafioFinal/products/products.service.ts:15:38
    
      12 let response: any
      13 console.log(createProductDto)
      14 try {
    → 15   response = await this.prisma.create({
             data: {
           +   name: String,
           +   description: String,
           +   stock: Int,
           +   price: Int,
           +   rate: Int,
           +   category: String,
           ?   id?: String,
           ?   createdAt?: DateTime,
           ?   updatedAt?: DateTime
             }
           })
    
    Argument name for data.name is missing.
    Argument description for data.description is missing.
    Argument stock for data.stock is missing.
    Argument price for data.price is missing.
    Argument rate for data.rate is missing.
    Argument category for data.category is missing.
    
    Note: Lines with + are required, lines with ? are optional.
    
        at mi.validate (/run/media/adrianabadin/code/backend_DesafioFinal/node_modules/@prisma/client/runtime/library.js:149:91)
        at tn.createMessage (/run/media/adrianabadin/code/backend_DesafioFinal/node_modules/@prisma/client/runtime/library.js:166:1205)
        at /run/media/adrianabadin/code/backend_DesafioFinal/node_modules/@prisma/client/runtime/library.js:179:10962
        at runInChildSpan (/run/media/adrianabadin/code/backend_DesafioFinal/node_modules/@prisma/client/runtime/library.js:70:25817)
        at t._executeRequest (/run/media/adrianabadin/code/backend_DesafioFinal/node_modules/@prisma/client/runtime/library.js:179:10951)
        at t._request (/run/media/adrianabadin/code/backend_DesafioFinal/node_modules/@prisma/client/runtime/library.js:179:10484) {
      clientVersion: '4.13.0'
    },
    createProductDto: {}
  },
  level: 'error'
}
{
  message: {
    function: 'ProductService.createProduct',
    error: PrismaClientValidationError: 
    Invalid `this.prisma.create()` invocation in
    /run/media/adrianabadin/code/backend_DesafioFinal/products/products.service.ts:15:38
    
      12 let response: any
      13 console.log(createProductDto)
      14 try {
    → 15   response = await this.prisma.create({
             data: {
           +   name: String,
           +   description: String,
           +   stock: Int,
           +   price: Int,
           +   rate: Int,
           +   category: String,
           ?   id?: String,
           ?   createdAt?: DateTime,
           ?   updatedAt?: DateTime
             }
           })
    
    Argument name for data.name is missing.
    Argument description for data.description is missing.
    Argument stock for data.stock is missing.
    Argument price for data.price is missing.
    Argument rate for data.rate is missing.
    Argument category for data.category is missing.
    
    Note: Lines with + are required, lines with ? are optional.
    
        at mi.validate (/run/media/adrianabadin/code/backend_DesafioFinal/node_modules/@prisma/client/runtime/library.js:149:91)
        at tn.createMessage (/run/media/adrianabadin/code/backend_DesafioFinal/node_modules/@prisma/client/runtime/library.js:166:1205)
        at /run/media/adrianabadin/code/backend_DesafioFinal/node_modules/@prisma/client/runtime/library.js:179:10962
        at runInChildSpan (/run/media/adrianabadin/code/backend_DesafioFinal/node_modules/@prisma/client/runtime/library.js:70:25817)
        at t._executeRequest (/run/media/adrianabadin/code/backend_DesafioFinal/node_modules/@prisma/client/runtime/library.js:179:10951)
        at processTicksAndRejections (node:internal/process/task_queues:95:5) {
      clientVersion: '4.13.0'
    },
    createProductDto: {}
  },
  level: 'error'
}
{
  message: {
    function: 'ProductService.createProduct',
    error: PrismaClientValidationError: 
    Invalid `this.prisma.create()` invocation in
    /run/media/adrianabadin/code/backend_DesafioFinal/products/products.service.ts:15:38
    
      12 let response: any
      13 console.log(createProductDto)
      14 try {
    → 15   response = await this.prisma.create({
             data: {
           +   name: String,
           +   description: String,
           +   stock: Int,
           +   price: Int,
           +   rate: Int,
           +   category: String,
           ?   id?: String,
           ?   createdAt?: DateTime,
           ?   updatedAt?: DateTime
             }
           })
    
    Argument name for data.name is missing.
    Argument description for data.description is missing.
    Argument stock for data.stock is missing.
    Argument price for data.price is missing.
    Argument rate for data.rate is missing.
    Argument category for data.category is missing.
    
    Note: Lines with + are required, lines with ? are optional.
    
        at mi.validate (/run/media/adrianabadin/code/backend_DesafioFinal/node_modules/@prisma/client/runtime/library.js:149:91)
        at tn.createMessage (/run/media/adrianabadin/code/backend_DesafioFinal/node_modules/@prisma/client/runtime/library.js:166:1205)
        at /run/media/adrianabadin/code/backend_DesafioFinal/node_modules/@prisma/client/runtime/library.js:179:10962
        at runInChildSpan (/run/media/adrianabadin/code/backend_DesafioFinal/node_modules/@prisma/client/runtime/library.js:70:25817)
        at t._executeRequest (/run/media/adrianabadin/code/backend_DesafioFinal/node_modules/@prisma/client/runtime/library.js:179:10951)
        at t._request (/run/media/adrianabadin/code/backend_DesafioFinal/node_modules/@prisma/client/runtime/library.js:179:10484) {
      clientVersion: '4.13.0'
    },
    createProductDto: {}
  },
  level: 'error'
}
{
  message: {
    function: 'ProductService.createProduct',
    error: PrismaClientValidationError: 
    Invalid `this.prisma.create()` invocation in
    /run/media/adrianabadin/code/backend_DesafioFinal/products/products.service.ts:15:38
    
      12 let response: any
      13 console.log(createProductDto)
      14 try {
    → 15   response = await this.prisma.create({
             data: {
           +   name: String,
           +   description: String,
           +   stock: Int,
           +   price: Int,
           +   rate: Int,
           +   category: String,
           ?   id?: String,
           ?   createdAt?: DateTime,
           ?   updatedAt?: DateTime
             }
           })
    
    Argument name for data.name is missing.
    Argument description for data.description is missing.
    Argument stock for data.stock is missing.
    Argument price for data.price is missing.
    Argument rate for data.rate is missing.
    Argument category for data.category is missing.
    
    Note: Lines with + are required, lines with ? are optional.
    
        at mi.validate (/run/media/adrianabadin/code/backend_DesafioFinal/node_modules/@prisma/client/runtime/library.js:149:91)
        at tn.createMessage (/run/media/adrianabadin/code/backend_DesafioFinal/node_modules/@prisma/client/runtime/library.js:166:1205)
        at /run/media/adrianabadin/code/backend_DesafioFinal/node_modules/@prisma/client/runtime/library.js:179:10962
        at runInChildSpan (/run/media/adrianabadin/code/backend_DesafioFinal/node_modules/@prisma/client/runtime/library.js:70:25817)
        at t._executeRequest (/run/media/adrianabadin/code/backend_DesafioFinal/node_modules/@prisma/client/runtime/library.js:179:10951)
        at t._request (/run/media/adrianabadin/code/backend_DesafioFinal/node_modules/@prisma/client/runtime/library.js:179:10484) {
      clientVersion: '4.13.0'
    },
    createProductDto: {}
  },
  level: 'error'
}
{
  message: {
    function: 'ProductService.createProduct',
    error: PrismaClientValidationError: 
    Invalid `this.prisma.create()` invocation in
    /run/media/adrianabadin/code/backend_DesafioFinal/products/products.service.ts:15:38
    
      12 let response: any
      13 console.log(createProductDto)
      14 try {
    → 15   response = await this.prisma.create({
             data: {
           +   name: String,
           +   description: String,
           +   stock: Int,
           +   price: Int,
           +   rate: Int,
           +   category: String,
           ?   id?: String,
           ?   createdAt?: DateTime,
           ?   updatedAt?: DateTime
             }
           })
    
    Argument name for data.name is missing.
    Argument description for data.description is missing.
    Argument stock for data.stock is missing.
    Argument price for data.price is missing.
    Argument rate for data.rate is missing.
    Argument category for data.category is missing.
    
    Note: Lines with + are required, lines with ? are optional.
    
        at mi.validate (/run/media/adrianabadin/code/backend_DesafioFinal/node_modules/@prisma/client/runtime/library.js:149:91)
        at tn.createMessage (/run/media/adrianabadin/code/backend_DesafioFinal/node_modules/@prisma/client/runtime/library.js:166:1205)
        at /run/media/adrianabadin/code/backend_DesafioFinal/node_modules/@prisma/client/runtime/library.js:179:10962
        at runInChildSpan (/run/media/adrianabadin/code/backend_DesafioFinal/node_modules/@prisma/client/runtime/library.js:70:25817)
        at t._executeRequest (/run/media/adrianabadin/code/backend_DesafioFinal/node_modules/@prisma/client/runtime/library.js:179:10951)
        at processTicksAndRejections (node:internal/process/task_queues:95:5) {
      clientVersion: '4.13.0'
    },
    createProductDto: {}
  },
  level: 'error'
}
{
  message: {
    function: 'ProductService.createProduct',
    error: PrismaClientValidationError: 
    Invalid `this.prisma.create()` invocation in
    /run/media/adrianabadin/code/backend_DesafioFinal/products/products.service.ts:15:38
    
      12 let response: any
      13 console.log(createProductDto)
      14 try {
    → 15   response = await this.prisma.create({
             data: {
           +   name: String,
           +   description: String,
           +   stock: Int,
           +   price: Int,
           +   rate: Int,
           +   category: String,
           ?   id?: String,
           ?   createdAt?: DateTime,
           ?   updatedAt?: DateTime
             }
           })
    
    Argument name for data.name is missing.
    Argument description for data.description is missing.
    Argument stock for data.stock is missing.
    Argument price for data.price is missing.
    Argument rate for data.rate is missing.
    Argument category for data.category is missing.
    
    Note: Lines with + are required, lines with ? are optional.
    
        at mi.validate (/run/media/adrianabadin/code/backend_DesafioFinal/node_modules/@prisma/client/runtime/library.js:149:91)
        at tn.createMessage (/run/media/adrianabadin/code/backend_DesafioFinal/node_modules/@prisma/client/runtime/library.js:166:1205)
        at /run/media/adrianabadin/code/backend_DesafioFinal/node_modules/@prisma/client/runtime/library.js:179:10962
        at runInChildSpan (/run/media/adrianabadin/code/backend_DesafioFinal/node_modules/@prisma/client/runtime/library.js:70:25817)
        at t._executeRequest (/run/media/adrianabadin/code/backend_DesafioFinal/node_modules/@prisma/client/runtime/library.js:179:10951)
        at t._request (/run/media/adrianabadin/code/backend_DesafioFinal/node_modules/@prisma/client/runtime/library.js:179:10484) {
      clientVersion: '4.13.0'
    },
    createProductDto: {}
  },
  level: 'error'
}
{
  message: {
    function: 'ProductService.createProduct',
    error: PrismaClientValidationError: 
    Invalid `this.prisma.create()` invocation in
    /run/media/adrianabadin/code/backend_DesafioFinal/products/products.service.ts:15:38
    
      12 let response: any
      13 console.log(createProductDto)
      14 try {
    → 15   response = await this.prisma.create({
             data: {
           +   name: String,
           +   description: String,
           +   stock: Int,
           +   price: Int,
           +   rate: Int,
           +   category: String,
           ?   id?: String,
           ?   createdAt?: DateTime,
           ?   updatedAt?: DateTime
             }
           })
    
    Argument name for data.name is missing.
    Argument description for data.description is missing.
    Argument stock for data.stock is missing.
    Argument price for data.price is missing.
    Argument rate for data.rate is missing.
    Argument category for data.category is missing.
    
    Note: Lines with + are required, lines with ? are optional.
    
        at mi.validate (/run/media/adrianabadin/code/backend_DesafioFinal/node_modules/@prisma/client/runtime/library.js:149:91)
        at tn.createMessage (/run/media/adrianabadin/code/backend_DesafioFinal/node_modules/@prisma/client/runtime/library.js:166:1205)
        at /run/media/adrianabadin/code/backend_DesafioFinal/node_modules/@prisma/client/runtime/library.js:179:10962
        at runInChildSpan (/run/media/adrianabadin/code/backend_DesafioFinal/node_modules/@prisma/client/runtime/library.js:70:25817)
        at t._executeRequest (/run/media/adrianabadin/code/backend_DesafioFinal/node_modules/@prisma/client/runtime/library.js:179:10951)
        at t._request (/run/media/adrianabadin/code/backend_DesafioFinal/node_modules/@prisma/client/runtime/library.js:179:10484) {
      clientVersion: '4.13.0'
    },
    createProductDto: {}
  },
  level: 'error'
}
{
  message: {
    function: 'ProductService.createProduct',
    error: PrismaClientValidationError: 
    Invalid `this.prisma.create()` invocation in
    /run/media/adrianabadin/code/backend_DesafioFinal/products/products.service.ts:15:38
    
      12 let response: any
      13 console.log(createProductDto)
      14 try {
    → 15   response = await this.prisma.create({
             data: {
           +   name: String,
           +   description: String,
           +   stock: Int,
           +   price: Int,
           +   rate: Int,
           +   category: String,
           ?   id?: String,
           ?   createdAt?: DateTime,
           ?   updatedAt?: DateTime
             }
           })
    
    Argument name for data.name is missing.
    Argument description for data.description is missing.
    Argument stock for data.stock is missing.
    Argument price for data.price is missing.
    Argument rate for data.rate is missing.
    Argument category for data.category is missing.
    
    Note: Lines with + are required, lines with ? are optional.
    
        at mi.validate (/run/media/adrianabadin/code/backend_DesafioFinal/node_modules/@prisma/client/runtime/library.js:149:91)
        at tn.createMessage (/run/media/adrianabadin/code/backend_DesafioFinal/node_modules/@prisma/client/runtime/library.js:166:1205)
        at /run/media/adrianabadin/code/backend_DesafioFinal/node_modules/@prisma/client/runtime/library.js:179:10962
        at runInChildSpan (/run/media/adrianabadin/code/backend_DesafioFinal/node_modules/@prisma/client/runtime/library.js:70:25817)
        at t._executeRequest (/run/media/adrianabadin/code/backend_DesafioFinal/node_modules/@prisma/client/runtime/library.js:179:10951)
        at t._request (/run/media/adrianabadin/code/backend_DesafioFinal/node_modules/@prisma/client/runtime/library.js:179:10484) {
      clientVersion: '4.13.0'
    },
    createProductDto: {}
  },
  level: 'error'
}
{
  message: {
    function: 'ProductService.createProduct',
    error: PrismaClientValidationError: 
    Invalid `this.prisma.create()` invocation in
    /run/media/adrianabadin/code/backend_DesafioFinal/products/products.service.ts:15:38
    
      12 let response: any
      13 console.log(createProductDto)
      14 try {
    → 15   response = await this.prisma.create({
             data: {
               name: '1',
               price: '1',
                      ~~~
               rate: '1',
                     ~~~
               stock: '1',
                      ~~~
               category: '1',
           +   description: String,
           ?   id?: String,
           ?   createdAt?: DateTime,
           ?   updatedAt?: DateTime
             }
           })
    
    Argument price: Got invalid value '1' on prisma.createOneproducts. Provided String, expected Int.
    Argument rate: Got invalid value '1' on prisma.createOneproducts. Provided String, expected Int.
    Argument stock: Got invalid value '1' on prisma.createOneproducts. Provided String, expected Int.
    Argument description for data.description is missing.
    
    Note: Lines with + are required, lines with ? are optional.
    
        at mi.validate (/run/media/adrianabadin/code/backend_DesafioFinal/node_modules/@prisma/client/runtime/library.js:149:91)
        at tn.createMessage (/run/media/adrianabadin/code/backend_DesafioFinal/node_modules/@prisma/client/runtime/library.js:166:1205)
        at /run/media/adrianabadin/code/backend_DesafioFinal/node_modules/@prisma/client/runtime/library.js:179:10962
        at runInChildSpan (/run/media/adrianabadin/code/backend_DesafioFinal/node_modules/@prisma/client/runtime/library.js:70:25817)
        at t._executeRequest (/run/media/adrianabadin/code/backend_DesafioFinal/node_modules/@prisma/client/runtime/library.js:179:10951)
        at t._request (/run/media/adrianabadin/code/backend_DesafioFinal/node_modules/@prisma/client/runtime/library.js:179:10484) {
      clientVersion: '4.13.0'
    },
    createProductDto: { name: '1', price: '1', rate: '1', stock: '1', category: '1' }
  },
  level: 'error'
}
{
  message: {
    function: 'ProductService.createProduct',
    error: PrismaClientValidationError: 
    Invalid `this.prisma.create()` invocation in
    /run/media/adrianabadin/code/backend_DesafioFinal/products/products.service.ts:15:38
    
      12 let response: any
      13 console.log(createProductDto)
      14 try {
    → 15   response = await this.prisma.create({
             data: {
               name: '1',
               price: '1',
                      ~~~
               rate: '1',
                     ~~~
               stock: '1',
                      ~~~
               category: '1',
           +   description: String,
           ?   id?: String,
           ?   createdAt?: DateTime,
           ?   updatedAt?: DateTime
             }
           })
    
    Argument price: Got invalid value '1' on prisma.createOneproducts. Provided String, expected Int.
    Argument rate: Got invalid value '1' on prisma.createOneproducts. Provided String, expected Int.
    Argument stock: Got invalid value '1' on prisma.createOneproducts. Provided String, expected Int.
    Argument description for data.description is missing.
    
    Note: Lines with + are required, lines with ? are optional.
    
        at mi.validate (/run/media/adrianabadin/code/backend_DesafioFinal/node_modules/@prisma/client/runtime/library.js:149:91)
        at tn.createMessage (/run/media/adrianabadin/code/backend_DesafioFinal/node_modules/@prisma/client/runtime/library.js:166:1205)
        at /run/media/adrianabadin/code/backend_DesafioFinal/node_modules/@prisma/client/runtime/library.js:179:10962
        at runInChildSpan (/run/media/adrianabadin/code/backend_DesafioFinal/node_modules/@prisma/client/runtime/library.js:70:25817)
        at t._executeRequest (/run/media/adrianabadin/code/backend_DesafioFinal/node_modules/@prisma/client/runtime/library.js:179:10951)
        at processTicksAndRejections (node:internal/process/task_queues:95:5) {
      clientVersion: '4.13.0'
    },
    createProductDto: { name: '1', price: '1', rate: '1', stock: '1', category: '1' }
  },
  level: 'error'
}
{
  message: {
    function: 'ProductService.createProduct',
    error: PrismaClientValidationError: 
    Invalid `this.prisma.create()` invocation in
    /run/media/adrianabadin/code/backend_DesafioFinal/products/products.service.ts:15:38
    
      12 let response: any
      13 console.log(createProductDto)
      14 try {
    → 15   response = await this.prisma.create({
             data: {
               name: '1',
               price: '1',
                      ~~~
               rate: '1',
                     ~~~
               stock: '1',
                      ~~~
               category: '1',
           +   description: String,
           ?   id?: String,
           ?   createdAt?: DateTime,
           ?   updatedAt?: DateTime
             }
           })
    
    Argument price: Got invalid value '1' on prisma.createOneproducts. Provided String, expected Int.
    Argument rate: Got invalid value '1' on prisma.createOneproducts. Provided String, expected Int.
    Argument stock: Got invalid value '1' on prisma.createOneproducts. Provided String, expected Int.
    Argument description for data.description is missing.
    
    Note: Lines with + are required, lines with ? are optional.
    
        at mi.validate (/run/media/adrianabadin/code/backend_DesafioFinal/node_modules/@prisma/client/runtime/library.js:149:91)
        at tn.createMessage (/run/media/adrianabadin/code/backend_DesafioFinal/node_modules/@prisma/client/runtime/library.js:166:1205)
        at /run/media/adrianabadin/code/backend_DesafioFinal/node_modules/@prisma/client/runtime/library.js:179:10962
        at runInChildSpan (/run/media/adrianabadin/code/backend_DesafioFinal/node_modules/@prisma/client/runtime/library.js:70:25817)
        at t._executeRequest (/run/media/adrianabadin/code/backend_DesafioFinal/node_modules/@prisma/client/runtime/library.js:179:10951)
        at processTicksAndRejections (node:internal/process/task_queues:95:5) {
      clientVersion: '4.13.0'
    },
    createProductDto: { name: '1', price: '1', rate: '1', stock: '1', category: '1' }
  },
  level: 'error'
}
{
  message: {
    function: 'ProductService.createProduct',
    error: PrismaClientValidationError: 
    Invalid `this.prisma.create()` invocation in
    /run/media/adrianabadin/code/backend_DesafioFinal/products/products.service.ts:15:38
    
      12 let response: any
      13 console.log(createProductDto)
      14 try {
    → 15   response = await this.prisma.create({
             data: {
               name: '1',
               price: '1',
                      ~~~
               rate: '1',
                     ~~~
               stock: '1',
                      ~~~
               category: '1',
           +   description: String,
           ?   id?: String,
           ?   createdAt?: DateTime,
           ?   updatedAt?: DateTime
             }
           })
    
    Argument price: Got invalid value '1' on prisma.createOneproducts. Provided String, expected Int.
    Argument rate: Got invalid value '1' on prisma.createOneproducts. Provided String, expected Int.
    Argument stock: Got invalid value '1' on prisma.createOneproducts. Provided String, expected Int.
    Argument description for data.description is missing.
    
    Note: Lines with + are required, lines with ? are optional.
    
        at mi.validate (/run/media/adrianabadin/code/backend_DesafioFinal/node_modules/@prisma/client/runtime/library.js:149:91)
        at tn.createMessage (/run/media/adrianabadin/code/backend_DesafioFinal/node_modules/@prisma/client/runtime/library.js:166:1205)
        at /run/media/adrianabadin/code/backend_DesafioFinal/node_modules/@prisma/client/runtime/library.js:179:10962
        at runInChildSpan (/run/media/adrianabadin/code/backend_DesafioFinal/node_modules/@prisma/client/runtime/library.js:70:25817)
        at t._executeRequest (/run/media/adrianabadin/code/backend_DesafioFinal/node_modules/@prisma/client/runtime/library.js:179:10951)
        at t._request (/run/media/adrianabadin/code/backend_DesafioFinal/node_modules/@prisma/client/runtime/library.js:179:10484) {
      clientVersion: '4.13.0'
    },
    createProductDto: { name: '1', price: '1', rate: '1', stock: '1', category: '1' }
  },
  level: 'error'
}
{
  message: {
    function: 'ProductService.createProduct',
    error: PrismaClientValidationError: 
    Invalid `this.prisma.create()` invocation in
    /run/media/adrianabadin/code/backend_DesafioFinal/products/products.service.ts:15:38
    
      12 let response: any
      13 console.log(createProductDto)
      14 try {
    → 15   response = await this.prisma.create({
             data: {
               name: '1',
           +   description: String,
               stock: '1',
                      ~~~
               rate: '1',
                     ~~~
               price: '1',
                      ~~~
               category: '1',
           ?   id?: String,
           ?   createdAt?: DateTime,
           ?   updatedAt?: DateTime
             }
           })
    
    Argument stock: Got invalid value '1' on prisma.createOneproducts. Provided String, expected Int.
    Argument rate: Got invalid value '1' on prisma.createOneproducts. Provided String, expected Int.
    Argument price: Got invalid value '1' on prisma.createOneproducts. Provided String, expected Int.
    Argument description for data.description is missing.
    
    Note: Lines with + are required, lines with ? are optional.
    
        at mi.validate (/run/media/adrianabadin/code/backend_DesafioFinal/node_modules/@prisma/client/runtime/library.js:149:91)
        at tn.createMessage (/run/media/adrianabadin/code/backend_DesafioFinal/node_modules/@prisma/client/runtime/library.js:166:1205)
        at /run/media/adrianabadin/code/backend_DesafioFinal/node_modules/@prisma/client/runtime/library.js:179:10962
        at runInChildSpan (/run/media/adrianabadin/code/backend_DesafioFinal/node_modules/@prisma/client/runtime/library.js:70:25817)
        at t._executeRequest (/run/media/adrianabadin/code/backend_DesafioFinal/node_modules/@prisma/client/runtime/library.js:179:10951)
        at t._request (/run/media/adrianabadin/code/backend_DesafioFinal/node_modules/@prisma/client/runtime/library.js:179:10484) {
      clientVersion: '4.13.0'
    },
    createProductDto: CreateProductDto {
      name: '1',
      description: undefined,
      stock: '1',
      rate: '1',
      price: '1',
      category: '1'
    }
  },
  level: 'error'
}
{
  message: {
    function: 'ProductService.createProduct',
    error: PrismaClientValidationError: 
    Invalid `this.prisma.create()` invocation in
    /run/media/adrianabadin/code/backend_DesafioFinal/products/products.service.ts:15:38
    
      12 let response: any
      13 console.log(createProductDto)
      14 try {
    → 15   response = await this.prisma.create({
             data: {
               name: 'Batmans Car',
           +   description: String,
               stock: '1',
                      ~~~
               rate: '5',
                     ~~~
               price: '2',
                      ~~~
               category: 'Fantasy',
           ?   id?: String,
           ?   createdAt?: DateTime,
           ?   updatedAt?: DateTime
             }
           })
    
    Argument stock: Got invalid value '1' on prisma.createOneproducts. Provided String, expected Int.
    Argument rate: Got invalid value '5' on prisma.createOneproducts. Provided String, expected Int.
    Argument price: Got invalid value '2' on prisma.createOneproducts. Provided String, expected Int.
    Argument description for data.description is missing.
    
    Note: Lines with + are required, lines with ? are optional.
    
        at mi.validate (/run/media/adrianabadin/code/backend_DesafioFinal/node_modules/@prisma/client/runtime/library.js:149:91)
        at tn.createMessage (/run/media/adrianabadin/code/backend_DesafioFinal/node_modules/@prisma/client/runtime/library.js:166:1205)
        at /run/media/adrianabadin/code/backend_DesafioFinal/node_modules/@prisma/client/runtime/library.js:179:10962
        at runInChildSpan (/run/media/adrianabadin/code/backend_DesafioFinal/node_modules/@prisma/client/runtime/library.js:70:25817)
        at t._executeRequest (/run/media/adrianabadin/code/backend_DesafioFinal/node_modules/@prisma/client/runtime/library.js:179:10951)
        at t._request (/run/media/adrianabadin/code/backend_DesafioFinal/node_modules/@prisma/client/runtime/library.js:179:10484) {
      clientVersion: '4.13.0'
    },
    createProductDto: CreateProductDto {
      name: 'Batmans Car',
      description: undefined,
      stock: '1',
      rate: '5',
      price: '2',
      category: 'Fantasy'
    }
  },
  level: 'error'
}
{
  message: {
    function: 'ProductService.createProduct',
    error: PrismaClientValidationError: 
    Invalid `this.prisma.create()` invocation in
    /run/media/adrianabadin/code/backend_DesafioFinal/products/products.service.ts:15:38
    
      12 let response: any
      13 console.log(createProductDto)
      14 try {
    → 15   response = await this.prisma.create({
             data: {
               name: 'Batmans Car',
           +   description: String,
               stock: '1',
                      ~~~
               rate: '5',
                     ~~~
               price: '2',
                      ~~~
               category: 'Fantasy',
           ?   id?: String,
           ?   createdAt?: DateTime,
           ?   updatedAt?: DateTime
             }
           })
    
    Argument stock: Got invalid value '1' on prisma.createOneproducts. Provided String, expected Int.
    Argument rate: Got invalid value '5' on prisma.createOneproducts. Provided String, expected Int.
    Argument price: Got invalid value '2' on prisma.createOneproducts. Provided String, expected Int.
    Argument description for data.description is missing.
    
    Note: Lines with + are required, lines with ? are optional.
    
        at mi.validate (/run/media/adrianabadin/code/backend_DesafioFinal/node_modules/@prisma/client/runtime/library.js:149:91)
        at tn.createMessage (/run/media/adrianabadin/code/backend_DesafioFinal/node_modules/@prisma/client/runtime/library.js:166:1205)
        at /run/media/adrianabadin/code/backend_DesafioFinal/node_modules/@prisma/client/runtime/library.js:179:10962
        at runInChildSpan (/run/media/adrianabadin/code/backend_DesafioFinal/node_modules/@prisma/client/runtime/library.js:70:25817)
        at t._executeRequest (/run/media/adrianabadin/code/backend_DesafioFinal/node_modules/@prisma/client/runtime/library.js:179:10951)
        at processTicksAndRejections (node:internal/process/task_queues:95:5) {
      clientVersion: '4.13.0'
    },
    createProductDto: CreateProductDto {
      name: 'Batmans Car',
      description: undefined,
      stock: '1',
      rate: '5',
      price: '2',
      category: 'Fantasy'
    }
  },
  level: 'error'
}
{
  message: {
    function: 'ProductService.createProduct',
    error: PrismaClientValidationError: 
    Invalid `this.prisma.create()` invocation in
    /run/media/adrianabadin/code/backend_DesafioFinal/products/products.service.ts:15:38
    
      12 let response: any
      13 console.log(createProductDto)
      14 try {
    → 15   response = await this.prisma.create({
             data: {
               name: 'Batmans Car',
               description: 'Real Batmans Car No Fake',
               stock: '1',
                      ~~~
               rate: '5',
                     ~~~
               price: '1',
                      ~~~
               category: 'Fantasy'
             }
           })
    
    Argument stock: Got invalid value '1' on prisma.createOneproducts. Provided String, expected Int.
    Argument rate: Got invalid value '5' on prisma.createOneproducts. Provided String, expected Int.
    Argument price: Got invalid value '1' on prisma.createOneproducts. Provided String, expected Int.
    
    
        at mi.validate (/run/media/adrianabadin/code/backend_DesafioFinal/node_modules/@prisma/client/runtime/library.js:149:91)
        at tn.createMessage (/run/media/adrianabadin/code/backend_DesafioFinal/node_modules/@prisma/client/runtime/library.js:166:1205)
        at /run/media/adrianabadin/code/backend_DesafioFinal/node_modules/@prisma/client/runtime/library.js:179:10962
        at runInChildSpan (/run/media/adrianabadin/code/backend_DesafioFinal/node_modules/@prisma/client/runtime/library.js:70:25817)
        at t._executeRequest (/run/media/adrianabadin/code/backend_DesafioFinal/node_modules/@prisma/client/runtime/library.js:179:10951)
        at processTicksAndRejections (node:internal/process/task_queues:95:5) {
      clientVersion: '4.13.0'
    },
    createProductDto: CreateProductDto {
      name: 'Batmans Car',
      description: 'Real Batmans Car No Fake',
      stock: '1',
      rate: '5',
      price: '1',
      category: 'Fantasy'
    }
  },
  level: 'error'
}
{
  message: {
    function: 'ProductService.updateProduct',
    error: PrismaClientValidationError: 
    Invalid `this.prisma.update()` invocation in
    /run/media/adrianabadin/code/backend_DesafioFinal/products/products.service.ts:24:38
    
      21 public updateProduct = async (updateProductDto: Partial<CreateProductDto>, id: string) => {
      22   let response: any
      23   try {
    → 24     response = await this.prisma.update({
               where: {
                 id: '644ee2da2edc067461e62a05'
               },
               data: {
                 name: 'Batmans Car',
                 price: '5',
                        ~~~
                 rate: '5',
                       ~~~
                 stock: '1',
                        ~~~
                 category: 'Fantasy',
                 description: 'Real Batmans Car No Fake'
               }
             })
    
    Argument price: Got invalid value '5' on prisma.updateOneproducts. Provided String, expected Int or IntFieldUpdateOperationsInput.
    type IntFieldUpdateOperationsInput {
      set?: Int
      increment?: Int
      decrement?: Int
      multiply?: Int
      divide?: Int
    }
    Argument rate: Got invalid value '5' on prisma.updateOneproducts. Provided String, expected Int or IntFieldUpdateOperationsInput.
    type IntFieldUpdateOperationsInput {
      set?: Int
      increment?: Int
      decrement?: Int
      multiply?: Int
      divide?: Int
    }
    Argument stock: Got invalid value '1' on prisma.updateOneproducts. Provided String, expected Int or IntFieldUpdateOperationsInput.
    type IntFieldUpdateOperationsInput {
      set?: Int
      increment?: Int
      decrement?: Int
      multiply?: Int
      divide?: Int
    }
    
    
        at mi.validate (/run/media/adrianabadin/code/backend_DesafioFinal/node_modules/@prisma/client/runtime/library.js:149:91)
        at tn.createMessage (/run/media/adrianabadin/code/backend_DesafioFinal/node_modules/@prisma/client/runtime/library.js:166:1205)
        at /run/media/adrianabadin/code/backend_DesafioFinal/node_modules/@prisma/client/runtime/library.js:179:10962
        at runInChildSpan (/run/media/adrianabadin/code/backend_DesafioFinal/node_modules/@prisma/client/runtime/library.js:70:25817)
        at t._executeRequest (/run/media/adrianabadin/code/backend_DesafioFinal/node_modules/@prisma/client/runtime/library.js:179:10951)
        at processTicksAndRejections (node:internal/process/task_queues:95:5) {
      clientVersion: '4.13.0'
    }
  },
  level: 'error'
}
{
  message: {
    function: 'ProductService.productById',
    error: NotFoundError [PrismaClientKnownRequestError]: No products found
        at /run/media/adrianabadin/code/backend_DesafioFinal/node_modules/@prisma/client/runtime/library.js:164:6701
        at /run/media/adrianabadin/code/backend_DesafioFinal/node_modules/@prisma/client/runtime/library.js:164:6641 {
      code: 'P2025',
      clientVersion: '4.13.0',
      meta: undefined
    }
  },
  level: 'error'
}
{
  message: {
    function: 'CartService.cartById',
    error: PrismaClientKnownRequestError: 
    Invalid `this.prisma.findUniqueOrThrow()` invocation in
    /run/media/adrianabadin/code/backend_DesafioFinal/carts/cart.service.ts:67:38
    
      64 public cartById = async (id: string) => {
      65   let response: any
      66   try {
    → 67     response = await this.prisma.findUniqueOrThrow(
    Inconsistent column data: Malformed ObjectID: invalid character 'p' was found at index 3 in the provided hex string: "addproduct".
        at pn.handleRequestError (/run/media/adrianabadin/code/backend_DesafioFinal/node_modules/@prisma/client/runtime/library.js:176:6477)
        at pn.handleAndLogRequestError (/run/media/adrianabadin/code/backend_DesafioFinal/node_modules/@prisma/client/runtime/library.js:176:5907)
        at pn.request (/run/media/adrianabadin/code/backend_DesafioFinal/node_modules/@prisma/client/runtime/library.js:176:5786)
        at t._request (/run/media/adrianabadin/code/backend_DesafioFinal/node_modules/@prisma/client/runtime/library.js:179:10484)
        at /run/media/adrianabadin/code/backend_DesafioFinal/node_modules/@prisma/client/runtime/library.js:164:6641 {
      code: 'P2023',
      clientVersion: '4.13.0',
      meta: {
        message: `Malformed ObjectID: invalid character 'p' was found at index 3 in the provided hex string: "addproduct".`
      }
    }
  },
  level: 'error'
}
{
  message: {
    function: 'CartService.cartById',
    error: PrismaClientKnownRequestError: 
    Invalid `this.prisma.findUniqueOrThrow()` invocation in
    /run/media/adrianabadin/code/backend_DesafioFinal/carts/cart.service.ts:67:38
    
      64 public cartById = async (id: string) => {
      65   let response: any
      66   try {
    → 67     response = await this.prisma.findUniqueOrThrow(
    Inconsistent column data: Malformed ObjectID: invalid character 'p' was found at index 3 in the provided hex string: "addproduct".
        at pn.handleRequestError (/run/media/adrianabadin/code/backend_DesafioFinal/node_modules/@prisma/client/runtime/library.js:176:6477)
        at pn.handleAndLogRequestError (/run/media/adrianabadin/code/backend_DesafioFinal/node_modules/@prisma/client/runtime/library.js:176:5907)
        at pn.request (/run/media/adrianabadin/code/backend_DesafioFinal/node_modules/@prisma/client/runtime/library.js:176:5786)
        at t._request (/run/media/adrianabadin/code/backend_DesafioFinal/node_modules/@prisma/client/runtime/library.js:179:10484)
        at /run/media/adrianabadin/code/backend_DesafioFinal/node_modules/@prisma/client/runtime/library.js:164:6641 {
      code: 'P2023',
      clientVersion: '4.13.0',
      meta: {
        message: `Malformed ObjectID: invalid character 'p' was found at index 3 in the provided hex string: "addproduct".`
      }
    }
  },
  level: 'error'
}
{
  message: {
    function: 'CartService.cartById',
    error: PrismaClientKnownRequestError: 
    Invalid `this.prisma.findUniqueOrThrow()` invocation in
    /run/media/adrianabadin/code/backend_DesafioFinal/carts/cart.service.ts:67:38
    
      64 public cartById = async (id: string) => {
      65   let response: any
      66   try {
    → 67     response = await this.prisma.findUniqueOrThrow(
    Inconsistent column data: Malformed ObjectID: invalid character 'p' was found at index 3 in the provided hex string: "addproduct".
        at pn.handleRequestError (/run/media/adrianabadin/code/backend_DesafioFinal/node_modules/@prisma/client/runtime/library.js:176:6477)
        at pn.handleAndLogRequestError (/run/media/adrianabadin/code/backend_DesafioFinal/node_modules/@prisma/client/runtime/library.js:176:5907)
        at pn.request (/run/media/adrianabadin/code/backend_DesafioFinal/node_modules/@prisma/client/runtime/library.js:176:5786)
        at t._request (/run/media/adrianabadin/code/backend_DesafioFinal/node_modules/@prisma/client/runtime/library.js:179:10484)
        at /run/media/adrianabadin/code/backend_DesafioFinal/node_modules/@prisma/client/runtime/library.js:164:6641 {
      code: 'P2023',
      clientVersion: '4.13.0',
      meta: {
        message: `Malformed ObjectID: invalid character 'p' was found at index 3 in the provided hex string: "addproduct".`
      }
    }
  },
  level: 'error'
}
{
  message: {
    function: 'CartService.listCarts',
    error: PrismaClientUnknownRequestError: 
    Invalid `this.prisma.findMany()` invocation in
    /run/media/adrianabadin/code/backend_DesafioFinal/carts/cart.service.ts:61:38
    
      58 public listCarts = async () => {
      59   let response: any[]
      60   try {
    → 61     response = await this.prisma.findMany(
    Attempted to serialize 'null' with non-composite compatible type '"UserType"' for field user.
        at pn.handleRequestError (/run/media/adrianabadin/code/backend_DesafioFinal/node_modules/@prisma/client/runtime/library.js:176:6649)
        at pn.handleAndLogRequestError (/run/media/adrianabadin/code/backend_DesafioFinal/node_modules/@prisma/client/runtime/library.js:176:5907)
        at pn.request (/run/media/adrianabadin/code/backend_DesafioFinal/node_modules/@prisma/client/runtime/library.js:176:5786)
        at t._request (/run/media/adrianabadin/code/backend_DesafioFinal/node_modules/@prisma/client/runtime/library.js:179:10484) {
      clientVersion: '4.13.0'
    }
  },
  level: 'error'
}
{
  message: {
    function: 'CartService.createCart',
    error: PrismaClientValidationError: 
    Invalid `this.prisma.create()` invocation in
    C:\Users\aabadin\Desktop\CODE\Backend_Desafio_Final\carts\cart.service.ts:13:38
    
      10 public createCart = async (createCartDto: CreateCartDto) => {
      11   let response: any
      12   try {
    → 13     response = await this.prisma.create({
               data: {
                 id: '644ee3fd2edc067461e62a06',
                 createdAt: new Date('2023-04-30T21:56:13.271Z'),
                 updatedAt: new Date('2023-05-01T13:20:36.407Z'),
                 name: 'WonderWomans Rope',
                 ~~~~
                 description: 'Its Truthfully hers',
                 ~~~~~~~~~~~
                 stock: 1,
                 ~~~~~
                 price: 20,
                 ~~~~~
                 rate: 3,
                 ~~~~
                 category: 'Fantasy',
                 ~~~~~~~~
             +   user: UserTypeCreateEnvelopeInput | UserTypeCreateInput,
             ?   products?: ProductTypeListCreateEnvelopeInput | ProductTypeCreateInput | ProductTypeCreateInput[],
             ?   sales?: {
             ?     create?: salesCreateWithoutCartInput | salesCreateWithoutCartInput | salesUncheckedCreateWithoutCartInput | salesUncheckedCreateWithoutCartInput,
             ?     connectOrCreate?: salesCreateOrConnectWithoutCartInput | salesCreateOrConnectWithoutCartInput,
             ?     createMany?: salesCreateManyCartInputEnvelope,
             ?     connect?: salesWhereUniqueInput | salesWhereUniqueInput
             ?   }
               }
             })
    
    Unknown arg `name` in data.name for type cartsCreateInput. Did you mean `sales`?
    Unknown arg `description` in data.description for type cartsCreateInput.
    Unknown arg `stock` in data.stock for type cartsCreateInput. Did you mean `sales`?
    Unknown arg `price` in data.price for type cartsCreateInput. Did you mean `id`?
    Unknown arg `rate` in data.rate for type cartsCreateInput. Did you mean `sales`?
    Unknown arg `category` in data.category for type cartsCreateInput.
    Argument user for data.user is missing.
    
    Note: Lines with + are required, lines with ? are optional.
    
        at mi.validate (C:\Users\aabadin\Desktop\CODE\Backend_Desafio_Final\node_modules\@prisma\client\runtime\library.js:149:91)
        at tn.createMessage (C:\Users\aabadin\Desktop\CODE\Backend_Desafio_Final\node_modules\@prisma\client\runtime\library.js:166:1205)
        at C:\Users\aabadin\Desktop\CODE\Backend_Desafio_Final\node_modules\@prisma\client\runtime\library.js:179:10962
        at runInChildSpan (C:\Users\aabadin\Desktop\CODE\Backend_Desafio_Final\node_modules\@prisma\client\runtime\library.js:70:25817)
        at t._executeRequest (C:\Users\aabadin\Desktop\CODE\Backend_Desafio_Final\node_modules\@prisma\client\runtime\library.js:179:10951)
        at t._request (C:\Users\aabadin\Desktop\CODE\Backend_Desafio_Final\node_modules\@prisma\client\runtime\library.js:179:10484) {
      clientVersion: '4.13.0'
    }
  },
  level: 'error'
}
{
  message: {
    function: 'CartService.createCart',
    error: PrismaClientValidationError: 
    Invalid `this.prisma.create()` invocation in
    C:\Users\aabadin\Desktop\CODE\Backend_Desafio_Final\carts\cart.service.ts:13:38
    
      10 public createCart = async (createCartDto: CreateCartDto) => {
      11   let response: any
      12   try {
    → 13     response = await this.prisma.create({
               data: {
                 id: '644ee3fd2edc067461e62a06',
                 createdAt: new Date('2023-04-30T21:56:13.271Z'),
                 updatedAt: new Date('2023-05-01T13:20:36.407Z'),
                 name: 'WonderWomans Rope',
                 ~~~~
                 description: 'Its Truthfully hers',
                 ~~~~~~~~~~~
                 stock: 1,
                 ~~~~~
                 price: 20,
                 ~~~~~
                 rate: 3,
                 ~~~~
                 category: 'Fantasy',
                 ~~~~~~~~
             +   user: UserTypeCreateEnvelopeInput | UserTypeCreateInput,
             ?   products?: ProductTypeListCreateEnvelopeInput | ProductTypeCreateInput | ProductTypeCreateInput[],
             ?   sales?: {
             ?     create?: salesCreateWithoutCartInput | salesCreateWithoutCartInput | salesUncheckedCreateWithoutCartInput | salesUncheckedCreateWithoutCartInput,
             ?     connectOrCreate?: salesCreateOrConnectWithoutCartInput | salesCreateOrConnectWithoutCartInput,
             ?     createMany?: salesCreateManyCartInputEnvelope,
             ?     connect?: salesWhereUniqueInput | salesWhereUniqueInput
             ?   }
               }
             })
    
    Unknown arg `name` in data.name for type cartsCreateInput. Did you mean `sales`?
    Unknown arg `description` in data.description for type cartsCreateInput.
    Unknown arg `stock` in data.stock for type cartsCreateInput. Did you mean `sales`?
    Unknown arg `price` in data.price for type cartsCreateInput. Did you mean `id`?
    Unknown arg `rate` in data.rate for type cartsCreateInput. Did you mean `sales`?
    Unknown arg `category` in data.category for type cartsCreateInput.
    Argument user for data.user is missing.
    
    Note: Lines with + are required, lines with ? are optional.
    
        at mi.validate (C:\Users\aabadin\Desktop\CODE\Backend_Desafio_Final\node_modules\@prisma\client\runtime\library.js:149:91)
        at tn.createMessage (C:\Users\aabadin\Desktop\CODE\Backend_Desafio_Final\node_modules\@prisma\client\runtime\library.js:166:1205)
        at C:\Users\aabadin\Desktop\CODE\Backend_Desafio_Final\node_modules\@prisma\client\runtime\library.js:179:10962
        at runInChildSpan (C:\Users\aabadin\Desktop\CODE\Backend_Desafio_Final\node_modules\@prisma\client\runtime\library.js:70:25817)
        at t._executeRequest (C:\Users\aabadin\Desktop\CODE\Backend_Desafio_Final\node_modules\@prisma\client\runtime\library.js:179:10951) {
      clientVersion: '4.13.0'
    }
  },
  level: 'error'
}
{
  message: {
    function: 'CartService.createCart',
    error: PrismaClientValidationError: 
    Invalid `this.prisma.create()` invocation in
    C:\Users\aabadin\Desktop\CODE\Backend_Desafio_Final\carts\cart.service.ts:13:38
    
      10 public createCart = async (createCartDto: CreateCartDto) => {
      11   let response: any
      12   try {
    → 13     response = await this.prisma.create({
               data: {
                 id: '644ee3fd2edc067461e62a06',
                 createdAt: new Date('2023-04-30T21:56:13.271Z'),
                 updatedAt: new Date('2023-05-01T13:20:36.407Z'),
                 name: 'WonderWomans Rope',
                 ~~~~
                 description: 'Its Truthfully hers',
                 ~~~~~~~~~~~
                 stock: 1,
                 ~~~~~
                 price: 20,
                 ~~~~~
                 rate: 3,
                 ~~~~
                 category: 'Fantasy',
                 ~~~~~~~~
             +   user: UserTypeCreateEnvelopeInput | UserTypeCreateInput,
             ?   products?: ProductTypeListCreateEnvelopeInput | ProductTypeCreateInput | ProductTypeCreateInput[],
             ?   sales?: {
             ?     create?: salesCreateWithoutCartInput | salesCreateWithoutCartInput | salesUncheckedCreateWithoutCartInput | salesUncheckedCreateWithoutCartInput,
             ?     connectOrCreate?: salesCreateOrConnectWithoutCartInput | salesCreateOrConnectWithoutCartInput,
             ?     createMany?: salesCreateManyCartInputEnvelope,
             ?     connect?: salesWhereUniqueInput | salesWhereUniqueInput
             ?   }
               }
             })
    
    Unknown arg `name` in data.name for type cartsCreateInput. Did you mean `sales`?
    Unknown arg `description` in data.description for type cartsCreateInput.
    Unknown arg `stock` in data.stock for type cartsCreateInput. Did you mean `sales`?
    Unknown arg `price` in data.price for type cartsCreateInput. Did you mean `id`?
    Unknown arg `rate` in data.rate for type cartsCreateInput. Did you mean `sales`?
    Unknown arg `category` in data.category for type cartsCreateInput.
    Argument user for data.user is missing.
    
    Note: Lines with + are required, lines with ? are optional.
    
        at mi.validate (C:\Users\aabadin\Desktop\CODE\Backend_Desafio_Final\node_modules\@prisma\client\runtime\library.js:149:91)
        at tn.createMessage (C:\Users\aabadin\Desktop\CODE\Backend_Desafio_Final\node_modules\@prisma\client\runtime\library.js:166:1205)
        at C:\Users\aabadin\Desktop\CODE\Backend_Desafio_Final\node_modules\@prisma\client\runtime\library.js:179:10962
        at runInChildSpan (C:\Users\aabadin\Desktop\CODE\Backend_Desafio_Final\node_modules\@prisma\client\runtime\library.js:70:25817)
        at t._executeRequest (C:\Users\aabadin\Desktop\CODE\Backend_Desafio_Final\node_modules\@prisma\client\runtime\library.js:179:10951)
        at t._request (C:\Users\aabadin\Desktop\CODE\Backend_Desafio_Final\node_modules\@prisma\client\runtime\library.js:179:10484) {
      clientVersion: '4.13.0'
    }
  },
  level: 'error'
}
{
  message: {
    function: 'CartService.createCart',
    error: PrismaClientValidationError: 
    Invalid `this.prisma.create()` invocation in
    C:\Users\aabadin\Desktop\CODE\Backend_Desafio_Final\carts\cart.service.ts:13:38
    
      10 public createCart = async (createCartDto: CreateCartDto) => {
      11   let response: any
      12   try {
    → 13     response = await this.prisma.create({
               data: {
                 id: '644ee3fd2edc067461e62a06',
                 createdAt: new Date('2023-04-30T21:56:13.271Z'),
                 updatedAt: new Date('2023-05-01T13:20:36.407Z'),
                 name: 'WonderWomans Rope',
                 ~~~~
                 description: 'Its Truthfully hers',
                 ~~~~~~~~~~~
                 stock: 1,
                 ~~~~~
                 price: 20,
                 ~~~~~
                 rate: 3,
                 ~~~~
                 category: 'Fantasy',
                 ~~~~~~~~
             +   user: UserTypeCreateEnvelopeInput | UserTypeCreateInput,
             ?   products?: ProductTypeListCreateEnvelopeInput | ProductTypeCreateInput | ProductTypeCreateInput[],
             ?   sales?: {
             ?     create?: salesCreateWithoutCartInput | salesCreateWithoutCartInput | salesUncheckedCreateWithoutCartInput | salesUncheckedCreateWithoutCartInput,
             ?     connectOrCreate?: salesCreateOrConnectWithoutCartInput | salesCreateOrConnectWithoutCartInput,
             ?     createMany?: salesCreateManyCartInputEnvelope,
             ?     connect?: salesWhereUniqueInput | salesWhereUniqueInput
             ?   }
               }
             })
    
    Unknown arg `name` in data.name for type cartsCreateInput. Did you mean `sales`?
    Unknown arg `description` in data.description for type cartsCreateInput.
    Unknown arg `stock` in data.stock for type cartsCreateInput. Did you mean `sales`?
    Unknown arg `price` in data.price for type cartsCreateInput. Did you mean `id`?
    Unknown arg `rate` in data.rate for type cartsCreateInput. Did you mean `sales`?
    Unknown arg `category` in data.category for type cartsCreateInput.
    Argument user for data.user is missing.
    
    Note: Lines with + are required, lines with ? are optional.
    
        at mi.validate (C:\Users\aabadin\Desktop\CODE\Backend_Desafio_Final\node_modules\@prisma\client\runtime\library.js:149:91)
        at tn.createMessage (C:\Users\aabadin\Desktop\CODE\Backend_Desafio_Final\node_modules\@prisma\client\runtime\library.js:166:1205)
        at C:\Users\aabadin\Desktop\CODE\Backend_Desafio_Final\node_modules\@prisma\client\runtime\library.js:179:10962
        at runInChildSpan (C:\Users\aabadin\Desktop\CODE\Backend_Desafio_Final\node_modules\@prisma\client\runtime\library.js:70:25817)
        at t._executeRequest (C:\Users\aabadin\Desktop\CODE\Backend_Desafio_Final\node_modules\@prisma\client\runtime\library.js:179:10951) {
      clientVersion: '4.13.0'
    }
  },
  level: 'error'
}
{
  message: {
    function: 'CartService.createCart',
    error: PrismaClientValidationError: 
    Invalid `this.prisma.create()` invocation in
    C:\Users\aabadin\Desktop\CODE\Backend_Desafio_Final\carts\cart.service.ts:13:38
    
      10 public createCart = async (createCartDto: CreateCartDto) => {
      11   let response: any
      12   try {
    → 13     response = await this.prisma.create({
               data: {
                 user: {
                   id: '644d410025b99e1bfca6f638',
                   createdAt: new Date('2023-04-29T16:08:32.315Z'),
                   ~~~~~~~~~
                   updatedAt: new Date('2023-04-29T16:08:32.315Z'),
                   ~~~~~~~~~
                   name: 'ada',
                   lastName: 'coso',
                   username: 'gmail.com',
                   hash: '$2b$10$WnfDskWlTBGU2jBDOy6l3O3uaLDUI7ALQZblnE9CEtsR7Z1Rl/VPC',
                   ~~~~
                   phoneNumber: 111,
                   Carts: null
                   ~~~~~
                 },
                 products: {
                   '0': {
                     id: '644ee3fd2edc067461e62a06',
                     createdAt: new Date('2023-04-30T21:56:13.271Z'),
                     ~~~~~~~~~
                     updatedAt: new Date('2023-05-01T13:20:36.407Z'),
                     ~~~~~~~~~
                     name: 'WonderWomans Rope',
                     description: 'Its Truthfully hers',
                     stock: 1,
                     price: 20,
                     rate: 3,
                     category: 'Fantasy',
             +       quantity: Int
                   }
                 }
               }
             })
    
    Unknown arg `createdAt` in data.user.createdAt for type UserTypeCreateInput.
    Unknown arg `updatedAt` in data.user.updatedAt for type UserTypeCreateInput.
    Unknown arg `hash` in data.user.hash for type UserTypeCreateInput. Did you mean `name`?
    Unknown arg `Carts` in data.user.Carts for type UserTypeCreateInput. Did you mean `name`?
    Unknown arg `createdAt` in data.products.0.createdAt for type ProductTypeCreateInput. Did you mean `rate`?
    Unknown arg `updatedAt` in data.products.0.updatedAt for type ProductTypeCreateInput.
    Argument quantity for data.products.0.quantity is missing.
    
    Note: Lines with + are required
    
        at mi.validate (C:\Users\aabadin\Desktop\CODE\Backend_Desafio_Final\node_modules\@prisma\client\runtime\library.js:149:91)
        at tn.createMessage (C:\Users\aabadin\Desktop\CODE\Backend_Desafio_Final\node_modules\@prisma\client\runtime\library.js:166:1205)
        at C:\Users\aabadin\Desktop\CODE\Backend_Desafio_Final\node_modules\@prisma\client\runtime\library.js:179:10962
        at runInChildSpan (C:\Users\aabadin\Desktop\CODE\Backend_Desafio_Final\node_modules\@prisma\client\runtime\library.js:70:25817)
        at t._executeRequest (C:\Users\aabadin\Desktop\CODE\Backend_Desafio_Final\node_modules\@prisma\client\runtime\library.js:179:10951)
        at t._request (C:\Users\aabadin\Desktop\CODE\Backend_Desafio_Final\node_modules\@prisma\client\runtime\library.js:179:10484) {
      clientVersion: '4.13.0'
    }
  },
  level: 'error'
}
{
  message: {
    function: 'CartService.createCart',
    error: PrismaClientValidationError: 
    Invalid `this.prisma.create()` invocation in
    C:\Users\aabadin\Desktop\CODE\Backend_Desafio_Final\carts\cart.service.ts:13:38
    
      10 public createCart = async (createCartDto: CreateCartDto) => {
      11   let response: any
      12   try {
    → 13     response = await this.prisma.create({
               data: {
                 user: {
                   id: '644d410025b99e1bfca6f638',
                   name: 'ada',
                   lastName: 'coso',
                   username: 'gmail.com',
                   phoneNumber: 111,
                   Carts: null
                   ~~~~~
                 },
                 products: {
                   '0': {
                     id: '644ee3fd2edc067461e62a06',
                     createdAt: new Date('2023-04-30T21:56:13.271Z'),
                     ~~~~~~~~~
                     updatedAt: new Date('2023-05-01T13:20:36.407Z'),
                     ~~~~~~~~~
                     name: 'WonderWomans Rope',
                     description: 'Its Truthfully hers',
                     stock: 1,
                     price: 20,
                     rate: 3,
                     category: 'Fantasy',
             +       quantity: Int
                   }
                 }
               }
             })
    
    Unknown arg `Carts` in data.user.Carts for type UserTypeCreateInput. Did you mean `name`?
    Unknown arg `createdAt` in data.products.0.createdAt for type ProductTypeCreateInput. Did you mean `rate`?
    Unknown arg `updatedAt` in data.products.0.updatedAt for type ProductTypeCreateInput.
    Argument quantity for data.products.0.quantity is missing.
    
    Note: Lines with + are required
    
        at mi.validate (C:\Users\aabadin\Desktop\CODE\Backend_Desafio_Final\node_modules\@prisma\client\runtime\library.js:149:91)
        at tn.createMessage (C:\Users\aabadin\Desktop\CODE\Backend_Desafio_Final\node_modules\@prisma\client\runtime\library.js:166:1205)
        at C:\Users\aabadin\Desktop\CODE\Backend_Desafio_Final\node_modules\@prisma\client\runtime\library.js:179:10962
        at runInChildSpan (C:\Users\aabadin\Desktop\CODE\Backend_Desafio_Final\node_modules\@prisma\client\runtime\library.js:70:25817)
        at t._executeRequest (C:\Users\aabadin\Desktop\CODE\Backend_Desafio_Final\node_modules\@prisma\client\runtime\library.js:179:10951)
        at t._request (C:\Users\aabadin\Desktop\CODE\Backend_Desafio_Final\node_modules\@prisma\client\runtime\library.js:179:10484) {
      clientVersion: '4.13.0'
    }
  },
  level: 'error'
}
{
  message: {
    level: 'error',
    function: 'UsersService.update()',
    error: PrismaClientValidationError: 
    Invalid `this.prisma.update()` invocation in
    C:\Users\aabadin\Desktop\CODE\Backend_Desafio_Final\users\users.service.ts:25:44
    
      22 },
      23 public update = async (updateUserDto: Partial<CreateUsersDto>, id: string): Promise<any> => {
      24   try {
    → 25     const response = await this.prisma.update({
               where: {
                 id: '644d410025b99e1bfca6f638'
               },
               data: {
                 carts: '64507ba3237b72775c4c41c0'
                 ~~~~~
               }
             })
    
    Unknown arg `carts` in data.carts for type usersUpdateInput. Did you mean `Carts`? Available args:
    type usersUpdateInput {
      createdAt?: DateTime | DateTimeFieldUpdateOperationsInput
      updatedAt?: DateTime | DateTimeFieldUpdateOperationsInput
      name?: String | StringFieldUpdateOperationsInput
      lastName?: String | StringFieldUpdateOperationsInput
      username?: String | StringFieldUpdateOperationsInput
      hash?: String | StringFieldUpdateOperationsInput
      phoneNumber?: Int | IntFieldUpdateOperationsInput
      Carts?: String | NullableStringFieldUpdateOperationsInput | Null
      sales?: salesUpdateManyWithoutUserNestedInput
    }
    
    
        at mi.validate (C:\Users\aabadin\Desktop\CODE\Backend_Desafio_Final\node_modules\@prisma\client\runtime\library.js:149:91)
        at tn.createMessage (C:\Users\aabadin\Desktop\CODE\Backend_Desafio_Final\node_modules\@prisma\client\runtime\library.js:166:1205)
        at C:\Users\aabadin\Desktop\CODE\Backend_Desafio_Final\node_modules\@prisma\client\runtime\library.js:179:10962
        at runInChildSpan (C:\Users\aabadin\Desktop\CODE\Backend_Desafio_Final\node_modules\@prisma\client\runtime\library.js:70:25817)
        at t._executeRequest (C:\Users\aabadin\Desktop\CODE\Backend_Desafio_Final\node_modules\@prisma\client\runtime\library.js:179:10951)
        at t._request (C:\Users\aabadin\Desktop\CODE\Backend_Desafio_Final\node_modules\@prisma\client\runtime\library.js:179:10484) {
      clientVersion: '4.13.0'
    }
  },
  level: 'error'
}
{
  message: {
    function: 'CartService.deleteProduct',
    error: PrismaClientKnownRequestError: 
    Invalid `this.prisma.findUniqueOrThrow()` invocation in
    C:\Users\aabadin\Desktop\CODE\Backend_Desafio_Final\carts\cart.service.ts:61:69
    
      58 
      59 public deleteProduct = async (cartId: string, productId: string) => {
      60   try {
    → 61     const cartData: Prisma.cartsCreateInput = await this.prisma.findUniqueOrThrow(
    Inconsistent column data: Malformed ObjectID: provided hex string representation must be exactly 12 bytes, instead got: "undefined", length 9.
        at pn.handleRequestError (C:\Users\aabadin\Desktop\CODE\Backend_Desafio_Final\node_modules\@prisma\client\runtime\library.js:176:6477)
        at pn.handleAndLogRequestError (C:\Users\aabadin\Desktop\CODE\Backend_Desafio_Final\node_modules\@prisma\client\runtime\library.js:176:5907)
        at pn.request (C:\Users\aabadin\Desktop\CODE\Backend_Desafio_Final\node_modules\@prisma\client\runtime\library.js:176:5786)
        at t._request (C:\Users\aabadin\Desktop\CODE\Backend_Desafio_Final\node_modules\@prisma\client\runtime\library.js:179:10484)
        at C:\Users\aabadin\Desktop\CODE\Backend_Desafio_Final\node_modules\@prisma\client\runtime\library.js:164:6641 {
      code: 'P2023',
      clientVersion: '4.13.0',
      meta: {
        message: 'Malformed ObjectID: provided hex string representation must be exactly 12 bytes, instead got: "undefined", length 9.'
      }
    }
  },
  level: 'error'
}
{
  message: {
    function: 'CartService.deleteProduct',
    error: PrismaClientKnownRequestError: 
    Invalid `this.prisma.findUniqueOrThrow()` invocation in
    C:\Users\aabadin\Desktop\CODE\Backend_Desafio_Final\carts\cart.service.ts:61:69
    
      58 
      59 public deleteProduct = async (cartId: string, productId: string) => {
      60   try {
    → 61     const cartData: Prisma.cartsCreateInput = await this.prisma.findUniqueOrThrow(
    Inconsistent column data: Malformed ObjectID: provided hex string representation must be exactly 12 bytes, instead got: "undefined", length 9.
        at pn.handleRequestError (C:\Users\aabadin\Desktop\CODE\Backend_Desafio_Final\node_modules\@prisma\client\runtime\library.js:176:6477)
        at pn.handleAndLogRequestError (C:\Users\aabadin\Desktop\CODE\Backend_Desafio_Final\node_modules\@prisma\client\runtime\library.js:176:5907)
        at pn.request (C:\Users\aabadin\Desktop\CODE\Backend_Desafio_Final\node_modules\@prisma\client\runtime\library.js:176:5786)
        at t._request (C:\Users\aabadin\Desktop\CODE\Backend_Desafio_Final\node_modules\@prisma\client\runtime\library.js:179:10484)
        at C:\Users\aabadin\Desktop\CODE\Backend_Desafio_Final\node_modules\@prisma\client\runtime\library.js:164:6641 {
      code: 'P2023',
      clientVersion: '4.13.0',
      meta: {
        message: 'Malformed ObjectID: provided hex string representation must be exactly 12 bytes, instead got: "undefined", length 9.'
      }
    }
  },
  level: 'error'
}
{
  message: {
    function: 'CartService.deleteProduct',
    error: PrismaClientKnownRequestError: 
    Invalid `this.prisma.findUniqueOrThrow()` invocation in
    C:\Users\aabadin\Desktop\CODE\Backend_Desafio_Final\carts\cart.service.ts:61:69
    
      58 
      59 public deleteProduct = async (cartId: string, productId: string) => {
      60   try {
    → 61     const cartData: Prisma.cartsCreateInput = await this.prisma.findUniqueOrThrow(
    Inconsistent column data: Malformed ObjectID: provided hex string representation must be exactly 12 bytes, instead got: "undefined", length 9.
        at pn.handleRequestError (C:\Users\aabadin\Desktop\CODE\Backend_Desafio_Final\node_modules\@prisma\client\runtime\library.js:176:6477)
        at pn.handleAndLogRequestError (C:\Users\aabadin\Desktop\CODE\Backend_Desafio_Final\node_modules\@prisma\client\runtime\library.js:176:5907)
        at pn.request (C:\Users\aabadin\Desktop\CODE\Backend_Desafio_Final\node_modules\@prisma\client\runtime\library.js:176:5786)
        at t._request (C:\Users\aabadin\Desktop\CODE\Backend_Desafio_Final\node_modules\@prisma\client\runtime\library.js:179:10484)
        at C:\Users\aabadin\Desktop\CODE\Backend_Desafio_Final\node_modules\@prisma\client\runtime\library.js:164:6641 {
      code: 'P2023',
      clientVersion: '4.13.0',
      meta: {
        message: 'Malformed ObjectID: provided hex string representation must be exactly 12 bytes, instead got: "undefined", length 9.'
      }
    }
  },
  level: 'error'
}
{
  message: {
    function: 'CartService.deleteProduct',
    error: PrismaClientKnownRequestError: 
    Invalid `this.prisma.findUniqueOrThrow()` invocation in
    C:\Users\aabadin\Desktop\CODE\Backend_Desafio_Final\carts\cart.service.ts:61:69
    
      58 
      59 public deleteProduct = async (cartId: string, productId: string) => {
      60   try {
    → 61     const cartData: Prisma.cartsCreateInput = await this.prisma.findUniqueOrThrow(
    Inconsistent column data: Malformed ObjectID: provided hex string representation must be exactly 12 bytes, instead got: "undefined", length 9.
        at pn.handleRequestError (C:\Users\aabadin\Desktop\CODE\Backend_Desafio_Final\node_modules\@prisma\client\runtime\library.js:176:6477)
        at pn.handleAndLogRequestError (C:\Users\aabadin\Desktop\CODE\Backend_Desafio_Final\node_modules\@prisma\client\runtime\library.js:176:5907)
        at pn.request (C:\Users\aabadin\Desktop\CODE\Backend_Desafio_Final\node_modules\@prisma\client\runtime\library.js:176:5786)
        at t._request (C:\Users\aabadin\Desktop\CODE\Backend_Desafio_Final\node_modules\@prisma\client\runtime\library.js:179:10484)
        at C:\Users\aabadin\Desktop\CODE\Backend_Desafio_Final\node_modules\@prisma\client\runtime\library.js:164:6641 {
      code: 'P2023',
      clientVersion: '4.13.0',
      meta: {
        message: 'Malformed ObjectID: provided hex string representation must be exactly 12 bytes, instead got: "undefined", length 9.'
      }
    }
  },
  level: 'error'
}
{
  message: {
    function: 'cartService.addProduct',
    error: PrismaClientKnownRequestError: 
    Invalid `this.prisma.update()` invocation in
    C:\Users\aabadin\Desktop\CODE\Backend_Desafio_Final\carts\cart.service.ts:24:32
    
      21   }
      22 },
      23 public addProduct = async (product: ProductType, id: string) => {
    → 24   return await this.prisma.update(
    An operation failed because it depends on one or more records that were required but not found. Record to update not found.
        at pn.handleRequestError (C:\Users\aabadin\Desktop\CODE\Backend_Desafio_Final\node_modules\@prisma\client\runtime\library.js:176:6477)
        at pn.handleAndLogRequestError (C:\Users\aabadin\Desktop\CODE\Backend_Desafio_Final\node_modules\@prisma\client\runtime\library.js:176:5907)
        at pn.request (C:\Users\aabadin\Desktop\CODE\Backend_Desafio_Final\node_modules\@prisma\client\runtime\library.js:176:5786)
        at t._request (C:\Users\aabadin\Desktop\CODE\Backend_Desafio_Final\node_modules\@prisma\client\runtime\library.js:179:10484) {
      code: 'P2025',
      clientVersion: '4.13.0',
      meta: { cause: 'Record to update not found.' }
    }
  },
  level: 'error'
}
{
  message: {
    function: 'CartService.cartById',
    error: NotFoundError [PrismaClientKnownRequestError]: No carts found
        at C:\Users\aabadin\Desktop\CODE\Backend_Desafio_Final\node_modules\@prisma\client\runtime\library.js:164:6701
        at C:\Users\aabadin\Desktop\CODE\Backend_Desafio_Final\node_modules\@prisma\client\runtime\library.js:164:6641 {
      code: 'P2025',
      clientVersion: '4.13.0',
      meta: undefined
    }
  },
  level: 'error'
}
{
  message: {
    function: 'CartService.cartById',
    error: NotFoundError [PrismaClientKnownRequestError]: No carts found
        at C:\Users\aabadin\Desktop\CODE\Backend_Desafio_Final\node_modules\@prisma\client\runtime\library.js:164:6701
        at C:\Users\aabadin\Desktop\CODE\Backend_Desafio_Final\node_modules\@prisma\client\runtime\library.js:164:6641 {
      code: 'P2025',
      clientVersion: '4.13.0',
      meta: undefined
    }
  },
  level: 'error'
}
{
  message: {
    function: 'CartService.cartById',
    error: NotFoundError [PrismaClientKnownRequestError]: No carts found
        at C:\Users\aabadin\Desktop\CODE\Backend_Desafio_Final\node_modules\@prisma\client\runtime\library.js:164:6701
        at C:\Users\aabadin\Desktop\CODE\Backend_Desafio_Final\node_modules\@prisma\client\runtime\library.js:164:6641 {
      code: 'P2025',
      clientVersion: '4.13.0',
      meta: undefined
    }
  },
  level: 'error'
}
{
  message: {
    function: 'CartService.cartById',
    error: NotFoundError [PrismaClientKnownRequestError]: No carts found
        at C:\Users\aabadin\Desktop\CODE\Backend_Desafio_Final\node_modules\@prisma\client\runtime\library.js:164:6701
        at C:\Users\aabadin\Desktop\CODE\Backend_Desafio_Final\node_modules\@prisma\client\runtime\library.js:164:6641 {
      code: 'P2025',
      clientVersion: '4.13.0',
      meta: undefined
    }
  },
  level: 'error'
}
{
  message: {
    function: 'UsersService.deleteCart',
    error: PrismaClientKnownRequestError: 
    Invalid `this.prisma.update()` invocation in
    C:\Users\aabadin\Desktop\CODE\Backend_Desafio_Final\users\users.service.ts:75:44
    
      72 },
      73 public deleteCart = async (id: string) => {
      74   try {
    → 75     const response = await this.prisma.update(
    An operation failed because it depends on one or more records that were required but not found. Record to update not found.
        at pn.handleRequestError (C:\Users\aabadin\Desktop\CODE\Backend_Desafio_Final\node_modules\@prisma\client\runtime\library.js:176:6477)
        at pn.handleAndLogRequestError (C:\Users\aabadin\Desktop\CODE\Backend_Desafio_Final\node_modules\@prisma\client\runtime\library.js:176:5907)
        at pn.request (C:\Users\aabadin\Desktop\CODE\Backend_Desafio_Final\node_modules\@prisma\client\runtime\library.js:176:5786)
        at t._request (C:\Users\aabadin\Desktop\CODE\Backend_Desafio_Final\node_modules\@prisma\client\runtime\library.js:179:10484) {
      code: 'P2025',
      clientVersion: '4.13.0',
      meta: { cause: 'Record to update not found.' }
    }
  },
  level: 'error'
}
{
  message: {
    function: 'CartService.cartById',
    error: NotFoundError [PrismaClientKnownRequestError]: No carts found
        at C:\Users\aabadin\Desktop\CODE\Backend_Desafio_Final\node_modules\@prisma\client\runtime\library.js:164:6701
        at C:\Users\aabadin\Desktop\CODE\Backend_Desafio_Final\node_modules\@prisma\client\runtime\library.js:164:6641 {
      code: 'P2025',
      clientVersion: '4.13.0',
      meta: undefined
    }
  },
  level: 'error'
}
{
  message: {
    function: 'CartService.cartById',
    error: NotFoundError [PrismaClientKnownRequestError]: No carts found
        at C:\Users\aabadin\Desktop\CODE\Backend_Desafio_Final\node_modules\@prisma\client\runtime\library.js:164:6701
        at C:\Users\aabadin\Desktop\CODE\Backend_Desafio_Final\node_modules\@prisma\client\runtime\library.js:164:6641 {
      code: 'P2025',
      clientVersion: '4.13.0',
      meta: undefined
    }
  },
  level: 'error'
}
{
  message: {
    function: 'cartService.addProduct',
    error: PrismaClientKnownRequestError: 
    Invalid `this.prisma.update()` invocation in
    C:\Users\aabadin\Desktop\CODE\Backend_Desafio_Final\carts\cart.service.ts:24:32
    
      21   }
      22 },
      23 public addProduct = async (product: ProductType, id: string) => {
    → 24   return await this.prisma.update(
    An operation failed because it depends on one or more records that were required but not found. Record to update not found.
        at pn.handleRequestError (C:\Users\aabadin\Desktop\CODE\Backend_Desafio_Final\node_modules\@prisma\client\runtime\library.js:176:6477)
        at pn.handleAndLogRequestError (C:\Users\aabadin\Desktop\CODE\Backend_Desafio_Final\node_modules\@prisma\client\runtime\library.js:176:5907)
        at pn.request (C:\Users\aabadin\Desktop\CODE\Backend_Desafio_Final\node_modules\@prisma\client\runtime\library.js:176:5786)
        at t._request (C:\Users\aabadin\Desktop\CODE\Backend_Desafio_Final\node_modules\@prisma\client\runtime\library.js:179:10484) {
      code: 'P2025',
      clientVersion: '4.13.0',
      meta: { cause: 'Record to update not found.' }
    }
  },
  level: 'error'
}
{
  message: {
    function: 'CartService.cartById',
    error: NotFoundError [PrismaClientKnownRequestError]: No carts found
        at C:\Users\aabadin\Desktop\CODE\Backend_Desafio_Final\node_modules\@prisma\client\runtime\library.js:164:6701
        at C:\Users\aabadin\Desktop\CODE\Backend_Desafio_Final\node_modules\@prisma\client\runtime\library.js:164:6641 {
      code: 'P2025',
      clientVersion: '4.13.0',
      meta: undefined
    }
  },
  level: 'error'
}
{
  message: {
    function: 'CartService.cartById',
    error: NotFoundError [PrismaClientKnownRequestError]: No carts found
        at C:\Users\aabadin\Desktop\CODE\Backend_Desafio_Final\node_modules\@prisma\client\runtime\library.js:164:6701
        at C:\Users\aabadin\Desktop\CODE\Backend_Desafio_Final\node_modules\@prisma\client\runtime\library.js:164:6641 {
      code: 'P2025',
      clientVersion: '4.13.0',
      meta: undefined
    }
  },
  level: 'error'
}
{
  message: {
    function: 'cartService.addProduct',
    error: PrismaClientKnownRequestError: 
    Invalid `this.prisma.update()` invocation in
    C:\Users\aabadin\Desktop\CODE\Backend_Desafio_Final\carts\cart.service.ts:24:32
    
      21   }
      22 },
      23 public addProduct = async (product: ProductType, id: string) => {
    → 24   return await this.prisma.update(
    An operation failed because it depends on one or more records that were required but not found. Record to update not found.
        at pn.handleRequestError (C:\Users\aabadin\Desktop\CODE\Backend_Desafio_Final\node_modules\@prisma\client\runtime\library.js:176:6477)
        at pn.handleAndLogRequestError (C:\Users\aabadin\Desktop\CODE\Backend_Desafio_Final\node_modules\@prisma\client\runtime\library.js:176:5907)
        at pn.request (C:\Users\aabadin\Desktop\CODE\Backend_Desafio_Final\node_modules\@prisma\client\runtime\library.js:176:5786)
        at t._request (C:\Users\aabadin\Desktop\CODE\Backend_Desafio_Final\node_modules\@prisma\client\runtime\library.js:179:10484) {
      code: 'P2025',
      clientVersion: '4.13.0',
      meta: { cause: 'Record to update not found.' }
    }
  },
  level: 'error'
}
{
  message: {
    function: 'CartService.cartById',
    error: NotFoundError [PrismaClientKnownRequestError]: No carts found
        at C:\Users\aabadin\Desktop\CODE\Backend_Desafio_Final\node_modules\@prisma\client\runtime\library.js:164:6701
        at C:\Users\aabadin\Desktop\CODE\Backend_Desafio_Final\node_modules\@prisma\client\runtime\library.js:164:6641 {
      code: 'P2025',
      clientVersion: '4.13.0',
      meta: undefined
    }
  },
  level: 'error'
}
{
  message: {
    function: 'CartService.cartById',
    error: NotFoundError [PrismaClientKnownRequestError]: No carts found
        at C:\Users\aabadin\Desktop\CODE\Backend_Desafio_Final\node_modules\@prisma\client\runtime\library.js:164:6701
        at C:\Users\aabadin\Desktop\CODE\Backend_Desafio_Final\node_modules\@prisma\client\runtime\library.js:164:6641 {
      code: 'P2025',
      clientVersion: '4.13.0',
      meta: undefined
    }
  },
  level: 'error'
}
